#
# There is insufficient memory for the Java Runtime Environment to continue.
# Native memory allocation (malloc) failed to allocate 2044608 bytes for Chunk::new
# Possible reasons:
#   The system is out of physical RAM or swap space
#   The process is running with CompressedOops enabled, and the Java Heap may be blocking the growth of the native heap
# Possible solutions:
#   Reduce memory load on the system
#   Increase physical memory or swap space
#   Check if swap backing store is full
#   Decrease Java heap size (-Xmx/-Xms)
#   Decrease number of Java threads
#   Decrease Java thread stack sizes (-Xss)
#   Set larger code cache with -XX:ReservedCodeCacheSize=
#   JVM is running with Zero Based Compressed Oops mode in which the Java heap is
#     placed in the first 32GB address space. The Java Heap base address is the
#     maximum limit for the native heap growth. Please use -XX:HeapBaseMinAddress
#     to set the Java Heap base and to place the Java Heap above 32GB virtual address.
# This output file may be truncated or incomplete.
#
#  Out of Memory Error (arena.cpp:189), pid=16236, tid=7408
#
# JRE version: Java(TM) SE Runtime Environment (17.0.12+8) (build 17.0.12+8-LTS-286)
# Java VM: Java HotSpot(TM) 64-Bit Server VM (17.0.12+8-LTS-286, mixed mode, sharing, tiered, compressed oops, compressed class ptrs, g1 gc, windows-amd64)
# No core dump will be written. Minidumps are not enabled by default on client versions of Windows
#

---------------  S U M M A R Y ------------

Command Line: -ea -Dfile.encoding=UTF-8 -Dstdout.encoding=UTF-8 -Dstderr.encoding=UTF-8 -XX:+ShowCodeDetailsInExceptionMessages org.testng.remote.RemoteTestNG -serport 50827 -protocol json -d D:\BDD_Workspace\BDDFramework\test-output D:\BDD_Workspace\BDDFramework\testng.xml

Host: 12th Gen Intel(R) Core(TM) i5-1235U, 12 cores, 15G,  Windows 11 , 64 bit Build 22621 (10.0.22621.4391)
Time: Wed Nov 27 17:03:56 2024 India Standard Time elapsed time: 1.241172 seconds (0d 0h 0m 1s)

---------------  T H R E A D  ---------------

Current thread (0x000001e72b237c10):  JavaThread "C2 CompilerThread1" daemon [_thread_in_native, id=7408, stack(0x00000051e6d00000,0x00000051e6e00000)]


Current CompileTask:
C2:   1241 2017       4       java.lang.invoke.MethodType::makeImpl (109 bytes)

Stack: [0x00000051e6d00000,0x00000051e6e00000]
Native frames: (J=compiled Java code, j=interpreted, Vv=VM code, C=native code)
V  [jvm.dll+0x67a04a]
V  [jvm.dll+0x7da4ed]
V  [jvm.dll+0x7dbe33]
V  [jvm.dll+0x7dc4a3]
V  [jvm.dll+0x24508f]
V  [jvm.dll+0xab773]
V  [jvm.dll+0xabd3c]
V  [jvm.dll+0x361bee]
V  [jvm.dll+0x32c431]
V  [jvm.dll+0x32b8ca]
V  [jvm.dll+0x21683f]
V  [jvm.dll+0x215c6f]
V  [jvm.dll+0x1a2960]
V  [jvm.dll+0x22610b]
V  [jvm.dll+0x2242ab]
V  [jvm.dll+0x79075c]
V  [jvm.dll+0x78abea]
V  [jvm.dll+0x678f35]
C  [ucrtbase.dll+0x29333]
C  [KERNEL32.DLL+0x1259d]
C  [ntdll.dll+0x5af38]


---------------  P R O C E S S  ---------------

Threads class SMR info:
_java_thread_list=0x000001e72b8d4810, length=14, elements={
0x000001e70804a730, 0x000001e72b0111b0, 0x000001e72b011e30, 0x000001e72b020c60,
0x000001e72b021530, 0x000001e72b021ef0, 0x000001e72b022cc0, 0x000001e72b04e870,
0x000001e72b057240, 0x000001e72b059b60, 0x000001e72b188fa0, 0x000001e72b1982d0,
0x000001e72b237c10, 0x000001e72bc9f4f0
}

Java Threads: ( => current thread )
  0x000001e70804a730 JavaThread "main" [_thread_in_vm, id=22804, stack(0x00000051e5a00000,0x00000051e5b00000)]
  0x000001e72b0111b0 JavaThread "Reference Handler" daemon [_thread_blocked, id=27064, stack(0x00000051e6100000,0x00000051e6200000)]
  0x000001e72b011e30 JavaThread "Finalizer" daemon [_thread_blocked, id=6384, stack(0x00000051e6200000,0x00000051e6300000)]
  0x000001e72b020c60 JavaThread "Signal Dispatcher" daemon [_thread_blocked, id=9316, stack(0x00000051e6300000,0x00000051e6400000)]
  0x000001e72b021530 JavaThread "Attach Listener" daemon [_thread_blocked, id=35664, stack(0x00000051e6400000,0x00000051e6500000)]
  0x000001e72b021ef0 JavaThread "Service Thread" daemon [_thread_blocked, id=16828, stack(0x00000051e6500000,0x00000051e6600000)]
  0x000001e72b022cc0 JavaThread "Monitor Deflation Thread" daemon [_thread_blocked, id=11924, stack(0x00000051e6600000,0x00000051e6700000)]
  0x000001e72b04e870 JavaThread "C2 CompilerThread0" daemon [_thread_blocked, id=24036, stack(0x00000051e6700000,0x00000051e6800000)]
  0x000001e72b057240 JavaThread "C1 CompilerThread0" daemon [_thread_blocked, id=20720, stack(0x00000051e6800000,0x00000051e6900000)]
  0x000001e72b059b60 JavaThread "Sweeper thread" daemon [_thread_blocked, id=36872, stack(0x00000051e6900000,0x00000051e6a00000)]
  0x000001e72b188fa0 JavaThread "Notification Thread" daemon [_thread_blocked, id=40748, stack(0x00000051e6a00000,0x00000051e6b00000)]
  0x000001e72b1982d0 JavaThread "Common-Cleaner" daemon [_thread_blocked, id=5876, stack(0x00000051e6c00000,0x00000051e6d00000)]
=>0x000001e72b237c10 JavaThread "C2 CompilerThread1" daemon [_thread_in_native, id=7408, stack(0x00000051e6d00000,0x00000051e6e00000)]
  0x000001e72bc9f4f0 JavaThread "ReaderThread" [_thread_in_native, id=1792, stack(0x00000051e7000000,0x00000051e7100000)]

Other Threads:
  0x000001e72b0075a0 VMThread "VM Thread" [stack: 0x00000051e6000000,0x00000051e6100000] [id=16864]
  0x000001e7080da180 WatcherThread [stack: 0x00000051e6b00000,0x00000051e6c00000] [id=39796]
  0x000001e7080b9280 GCTaskThread "GC Thread#0" [stack: 0x00000051e5b00000,0x00000051e5c00000] [id=37784]
  0x000001e7711d6e80 GCTaskThread "GC Thread#1" [stack: 0x00000051e6e00000,0x00000051e6f00000] [id=3736]
  0x000001e7711d7140 GCTaskThread "GC Thread#2" [stack: 0x00000051e7100000,0x00000051e7200000] [id=3100]
  0x000001e77144ffd0 GCTaskThread "GC Thread#3" [stack: 0x00000051e7200000,0x00000051e7300000] [id=25180]
  0x000001e771450aa0 GCTaskThread "GC Thread#4" [stack: 0x00000051e7300000,0x00000051e7400000] [id=35152]
  0x000001e771451170 GCTaskThread "GC Thread#5" [stack: 0x00000051e7400000,0x00000051e7500000] [id=25200]
  0x000001e771521df0 GCTaskThread "GC Thread#6" [stack: 0x00000051e7500000,0x00000051e7600000] [id=22228]
  0x000001e7716cde30 GCTaskThread "GC Thread#7" [stack: 0x00000051e7600000,0x00000051e7700000] [id=31708]
  0x000001e7711006a0 GCTaskThread "GC Thread#8" [stack: 0x00000051e7700000,0x00000051e7800000] [id=5316]
  0x000001e7717eb070 GCTaskThread "GC Thread#9" [stack: 0x00000051e7800000,0x00000051e7900000] [id=22592]
  0x000001e7080c9ba0 ConcurrentGCThread "G1 Main Marker" [stack: 0x00000051e5c00000,0x00000051e5d00000] [id=34024]
  0x000001e7080cbc60 ConcurrentGCThread "G1 Conc#0" [stack: 0x00000051e5d00000,0x00000051e5e00000] [id=38472]
  0x000001e7080fe9b0 ConcurrentGCThread "G1 Refine#0" [stack: 0x00000051e5e00000,0x00000051e5f00000] [id=9396]
  0x000001e72aebd610 ConcurrentGCThread "G1 Service" [stack: 0x00000051e5f00000,0x00000051e6000000] [id=34392]

Threads with active compile tasks:
C2 CompilerThread1     1259 2017       4       java.lang.invoke.MethodType::makeImpl (109 bytes)

VM state: not at safepoint (normal execution)

VM Mutex/Monitor currently owned by a thread: None

Heap address: 0x0000000705200000, size: 4014 MB, Compressed Oops mode: Zero based, Oop shift amount: 3

CDS archive(s) mapped at: [0x000001e72c000000-0x000001e72cbd0000-0x000001e72cbd0000), size 12386304, SharedBaseAddress: 0x000001e72c000000, ArchiveRelocationMode: 1.
Compressed class space mapped at: 0x000001e72d000000-0x000001e76d000000, reserved size: 1073741824
Narrow klass base: 0x000001e72c000000, Narrow klass shift: 0, Narrow klass range: 0x100000000

GC Precious Log:
 CPUs: 12 total, 12 available
 Memory: 16052M
 Large Page Support: Disabled
 NUMA Support: Disabled
 Compressed Oops: Enabled (Zero based)
 Heap Region Size: 2M
 Heap Min Capacity: 8M
 Heap Initial Capacity: 252M
 Heap Max Capacity: 4014M
 Pre-touch: Disabled
 Parallel Workers: 10
 Concurrent Workers: 3
 Concurrent Refinement Workers: 10
 Periodic GC: Disabled

Heap:
 garbage-first heap   total 258048K, used 20821K [0x0000000705200000, 0x0000000800000000)
  region size 2048K, 8 young (16384K), 1 survivors (2048K)
 Metaspace       used 15679K, committed 16000K, reserved 1114112K
  class space    used 1904K, committed 2048K, reserved 1048576K

Heap Regions: E=young(eden), S=young(survivor), O=old, HS=humongous(starts), HC=humongous(continues), CS=collection set, F=free, OA=open archive, CA=closed archive, TAMS=top-at-mark-start (previous, next)
|   0|0x0000000705200000, 0x0000000705400000, 0x0000000705400000|100%| O|  |TAMS 0x0000000705200000, 0x0000000705200000| Untracked 
|   1|0x0000000705400000, 0x0000000705600000, 0x0000000705600000|100%| O|  |TAMS 0x0000000705400000, 0x0000000705400000| Untracked 
|   2|0x0000000705600000, 0x0000000705800000, 0x0000000705800000|100%| O|  |TAMS 0x0000000705600000, 0x0000000705600000| Untracked 
|   3|0x0000000705800000, 0x0000000705a00000, 0x0000000705a00000|100%| O|  |TAMS 0x0000000705800000, 0x0000000705800000| Untracked 
|   4|0x0000000705a00000, 0x0000000705a8a000, 0x0000000705c00000| 26%| O|  |TAMS 0x0000000705a00000, 0x0000000705a00000| Untracked 
|   5|0x0000000705c00000, 0x0000000705c00000, 0x0000000705e00000|  0%| F|  |TAMS 0x0000000705c00000, 0x0000000705c00000| Untracked 
|   6|0x0000000705e00000, 0x0000000705e00000, 0x0000000706000000|  0%| F|  |TAMS 0x0000000705e00000, 0x0000000705e00000| Untracked 
|   7|0x0000000706000000, 0x0000000706000000, 0x0000000706200000|  0%| F|  |TAMS 0x0000000706000000, 0x0000000706000000| Untracked 
|   8|0x0000000706200000, 0x0000000706200000, 0x0000000706400000|  0%| F|  |TAMS 0x0000000706200000, 0x0000000706200000| Untracked 
|   9|0x0000000706400000, 0x0000000706400000, 0x0000000706600000|  0%| F|  |TAMS 0x0000000706400000, 0x0000000706400000| Untracked 
|  10|0x0000000706600000, 0x0000000706600000, 0x0000000706800000|  0%| F|  |TAMS 0x0000000706600000, 0x0000000706600000| Untracked 
|  11|0x0000000706800000, 0x0000000706800000, 0x0000000706a00000|  0%| F|  |TAMS 0x0000000706800000, 0x0000000706800000| Untracked 
|  12|0x0000000706a00000, 0x0000000706a00000, 0x0000000706c00000|  0%| F|  |TAMS 0x0000000706a00000, 0x0000000706a00000| Untracked 
|  13|0x0000000706c00000, 0x0000000706c00000, 0x0000000706e00000|  0%| F|  |TAMS 0x0000000706c00000, 0x0000000706c00000| Untracked 
|  14|0x0000000706e00000, 0x0000000706e00000, 0x0000000707000000|  0%| F|  |TAMS 0x0000000706e00000, 0x0000000706e00000| Untracked 
|  15|0x0000000707000000, 0x0000000707000000, 0x0000000707200000|  0%| F|  |TAMS 0x0000000707000000, 0x0000000707000000| Untracked 
|  16|0x0000000707200000, 0x0000000707200000, 0x0000000707400000|  0%| F|  |TAMS 0x0000000707200000, 0x0000000707200000| Untracked 
|  17|0x0000000707400000, 0x0000000707400000, 0x0000000707600000|  0%| F|  |TAMS 0x0000000707400000, 0x0000000707400000| Untracked 
|  18|0x0000000707600000, 0x0000000707600000, 0x0000000707800000|  0%| F|  |TAMS 0x0000000707600000, 0x0000000707600000| Untracked 
|  19|0x0000000707800000, 0x0000000707800000, 0x0000000707a00000|  0%| F|  |TAMS 0x0000000707800000, 0x0000000707800000| Untracked 
|  20|0x0000000707a00000, 0x0000000707a00000, 0x0000000707c00000|  0%| F|  |TAMS 0x0000000707a00000, 0x0000000707a00000| Untracked 
|  21|0x0000000707c00000, 0x0000000707c00000, 0x0000000707e00000|  0%| F|  |TAMS 0x0000000707c00000, 0x0000000707c00000| Untracked 
|  22|0x0000000707e00000, 0x0000000707e00000, 0x0000000708000000|  0%| F|  |TAMS 0x0000000707e00000, 0x0000000707e00000| Untracked 
|  23|0x0000000708000000, 0x0000000708000000, 0x0000000708200000|  0%| F|  |TAMS 0x0000000708000000, 0x0000000708000000| Untracked 
|  24|0x0000000708200000, 0x0000000708200000, 0x0000000708400000|  0%| F|  |TAMS 0x0000000708200000, 0x0000000708200000| Untracked 
|  25|0x0000000708400000, 0x0000000708400000, 0x0000000708600000|  0%| F|  |TAMS 0x0000000708400000, 0x0000000708400000| Untracked 
|  26|0x0000000708600000, 0x0000000708600000, 0x0000000708800000|  0%| F|  |TAMS 0x0000000708600000, 0x0000000708600000| Untracked 
|  27|0x0000000708800000, 0x0000000708800000, 0x0000000708a00000|  0%| F|  |TAMS 0x0000000708800000, 0x0000000708800000| Untracked 
|  28|0x0000000708a00000, 0x0000000708a00000, 0x0000000708c00000|  0%| F|  |TAMS 0x0000000708a00000, 0x0000000708a00000| Untracked 
|  29|0x0000000708c00000, 0x0000000708c00000, 0x0000000708e00000|  0%| F|  |TAMS 0x0000000708c00000, 0x0000000708c00000| Untracked 
|  30|0x0000000708e00000, 0x0000000708e00000, 0x0000000709000000|  0%| F|  |TAMS 0x0000000708e00000, 0x0000000708e00000| Untracked 
|  31|0x0000000709000000, 0x0000000709000000, 0x0000000709200000|  0%| F|  |TAMS 0x0000000709000000, 0x0000000709000000| Untracked 
|  32|0x0000000709200000, 0x0000000709200000, 0x0000000709400000|  0%| F|  |TAMS 0x0000000709200000, 0x0000000709200000| Untracked 
|  33|0x0000000709400000, 0x0000000709400000, 0x0000000709600000|  0%| F|  |TAMS 0x0000000709400000, 0x0000000709400000| Untracked 
|  34|0x0000000709600000, 0x0000000709600000, 0x0000000709800000|  0%| F|  |TAMS 0x0000000709600000, 0x0000000709600000| Untracked 
|  35|0x0000000709800000, 0x0000000709800000, 0x0000000709a00000|  0%| F|  |TAMS 0x0000000709800000, 0x0000000709800000| Untracked 
|  36|0x0000000709a00000, 0x0000000709a00000, 0x0000000709c00000|  0%| F|  |TAMS 0x0000000709a00000, 0x0000000709a00000| Untracked 
|  37|0x0000000709c00000, 0x0000000709c00000, 0x0000000709e00000|  0%| F|  |TAMS 0x0000000709c00000, 0x0000000709c00000| Untracked 
|  38|0x0000000709e00000, 0x0000000709e00000, 0x000000070a000000|  0%| F|  |TAMS 0x0000000709e00000, 0x0000000709e00000| Untracked 
|  39|0x000000070a000000, 0x000000070a000000, 0x000000070a200000|  0%| F|  |TAMS 0x000000070a000000, 0x000000070a000000| Untracked 
|  40|0x000000070a200000, 0x000000070a200000, 0x000000070a400000|  0%| F|  |TAMS 0x000000070a200000, 0x000000070a200000| Untracked 
|  41|0x000000070a400000, 0x000000070a400000, 0x000000070a600000|  0%| F|  |TAMS 0x000000070a400000, 0x000000070a400000| Untracked 
|  42|0x000000070a600000, 0x000000070a600000, 0x000000070a800000|  0%| F|  |TAMS 0x000000070a600000, 0x000000070a600000| Untracked 
|  43|0x000000070a800000, 0x000000070a800000, 0x000000070aa00000|  0%| F|  |TAMS 0x000000070a800000, 0x000000070a800000| Untracked 
|  44|0x000000070aa00000, 0x000000070aa00000, 0x000000070ac00000|  0%| F|  |TAMS 0x000000070aa00000, 0x000000070aa00000| Untracked 
|  45|0x000000070ac00000, 0x000000070ac00000, 0x000000070ae00000|  0%| F|  |TAMS 0x000000070ac00000, 0x000000070ac00000| Untracked 
|  46|0x000000070ae00000, 0x000000070ae00000, 0x000000070b000000|  0%| F|  |TAMS 0x000000070ae00000, 0x000000070ae00000| Untracked 
|  47|0x000000070b000000, 0x000000070b000000, 0x000000070b200000|  0%| F|  |TAMS 0x000000070b000000, 0x000000070b000000| Untracked 
|  48|0x000000070b200000, 0x000000070b200000, 0x000000070b400000|  0%| F|  |TAMS 0x000000070b200000, 0x000000070b200000| Untracked 
|  49|0x000000070b400000, 0x000000070b400000, 0x000000070b600000|  0%| F|  |TAMS 0x000000070b400000, 0x000000070b400000| Untracked 
|  50|0x000000070b600000, 0x000000070b600000, 0x000000070b800000|  0%| F|  |TAMS 0x000000070b600000, 0x000000070b600000| Untracked 
|  51|0x000000070b800000, 0x000000070b800000, 0x000000070ba00000|  0%| F|  |TAMS 0x000000070b800000, 0x000000070b800000| Untracked 
|  52|0x000000070ba00000, 0x000000070ba00000, 0x000000070bc00000|  0%| F|  |TAMS 0x000000070ba00000, 0x000000070ba00000| Untracked 
|  53|0x000000070bc00000, 0x000000070bc00000, 0x000000070be00000|  0%| F|  |TAMS 0x000000070bc00000, 0x000000070bc00000| Untracked 
|  54|0x000000070be00000, 0x000000070be00000, 0x000000070c000000|  0%| F|  |TAMS 0x000000070be00000, 0x000000070be00000| Untracked 
|  55|0x000000070c000000, 0x000000070c000000, 0x000000070c200000|  0%| F|  |TAMS 0x000000070c000000, 0x000000070c000000| Untracked 
|  56|0x000000070c200000, 0x000000070c200000, 0x000000070c400000|  0%| F|  |TAMS 0x000000070c200000, 0x000000070c200000| Untracked 
|  57|0x000000070c400000, 0x000000070c400000, 0x000000070c600000|  0%| F|  |TAMS 0x000000070c400000, 0x000000070c400000| Untracked 
|  58|0x000000070c600000, 0x000000070c600000, 0x000000070c800000|  0%| F|  |TAMS 0x000000070c600000, 0x000000070c600000| Untracked 
|  59|0x000000070c800000, 0x000000070c800000, 0x000000070ca00000|  0%| F|  |TAMS 0x000000070c800000, 0x000000070c800000| Untracked 
|  60|0x000000070ca00000, 0x000000070ca00000, 0x000000070cc00000|  0%| F|  |TAMS 0x000000070ca00000, 0x000000070ca00000| Untracked 
|  61|0x000000070cc00000, 0x000000070cc00000, 0x000000070ce00000|  0%| F|  |TAMS 0x000000070cc00000, 0x000000070cc00000| Untracked 
|  62|0x000000070ce00000, 0x000000070ce00000, 0x000000070d000000|  0%| F|  |TAMS 0x000000070ce00000, 0x000000070ce00000| Untracked 
|  63|0x000000070d000000, 0x000000070d000000, 0x000000070d200000|  0%| F|  |TAMS 0x000000070d000000, 0x000000070d000000| Untracked 
|  64|0x000000070d200000, 0x000000070d200000, 0x000000070d400000|  0%| F|  |TAMS 0x000000070d200000, 0x000000070d200000| Untracked 
|  65|0x000000070d400000, 0x000000070d400000, 0x000000070d600000|  0%| F|  |TAMS 0x000000070d400000, 0x000000070d400000| Untracked 
|  66|0x000000070d600000, 0x000000070d600000, 0x000000070d800000|  0%| F|  |TAMS 0x000000070d600000, 0x000000070d600000| Untracked 
|  67|0x000000070d800000, 0x000000070d800000, 0x000000070da00000|  0%| F|  |TAMS 0x000000070d800000, 0x000000070d800000| Untracked 
|  68|0x000000070da00000, 0x000000070da00000, 0x000000070dc00000|  0%| F|  |TAMS 0x000000070da00000, 0x000000070da00000| Untracked 
|  69|0x000000070dc00000, 0x000000070dc00000, 0x000000070de00000|  0%| F|  |TAMS 0x000000070dc00000, 0x000000070dc00000| Untracked 
|  70|0x000000070de00000, 0x000000070de00000, 0x000000070e000000|  0%| F|  |TAMS 0x000000070de00000, 0x000000070de00000| Untracked 
|  71|0x000000070e000000, 0x000000070e000000, 0x000000070e200000|  0%| F|  |TAMS 0x000000070e000000, 0x000000070e000000| Untracked 
|  72|0x000000070e200000, 0x000000070e200000, 0x000000070e400000|  0%| F|  |TAMS 0x000000070e200000, 0x000000070e200000| Untracked 
|  73|0x000000070e400000, 0x000000070e400000, 0x000000070e600000|  0%| F|  |TAMS 0x000000070e400000, 0x000000070e400000| Untracked 
|  74|0x000000070e600000, 0x000000070e600000, 0x000000070e800000|  0%| F|  |TAMS 0x000000070e600000, 0x000000070e600000| Untracked 
|  75|0x000000070e800000, 0x000000070e800000, 0x000000070ea00000|  0%| F|  |TAMS 0x000000070e800000, 0x000000070e800000| Untracked 
|  76|0x000000070ea00000, 0x000000070ea00000, 0x000000070ec00000|  0%| F|  |TAMS 0x000000070ea00000, 0x000000070ea00000| Untracked 
|  77|0x000000070ec00000, 0x000000070ec00000, 0x000000070ee00000|  0%| F|  |TAMS 0x000000070ec00000, 0x000000070ec00000| Untracked 
|  78|0x000000070ee00000, 0x000000070ee00000, 0x000000070f000000|  0%| F|  |TAMS 0x000000070ee00000, 0x000000070ee00000| Untracked 
|  79|0x000000070f000000, 0x000000070f000000, 0x000000070f200000|  0%| F|  |TAMS 0x000000070f000000, 0x000000070f000000| Untracked 
|  80|0x000000070f200000, 0x000000070f200000, 0x000000070f400000|  0%| F|  |TAMS 0x000000070f200000, 0x000000070f200000| Untracked 
|  81|0x000000070f400000, 0x000000070f400000, 0x000000070f600000|  0%| F|  |TAMS 0x000000070f400000, 0x000000070f400000| Untracked 
|  82|0x000000070f600000, 0x000000070f600000, 0x000000070f800000|  0%| F|  |TAMS 0x000000070f600000, 0x000000070f600000| Untracked 
|  83|0x000000070f800000, 0x000000070f800000, 0x000000070fa00000|  0%| F|  |TAMS 0x000000070f800000, 0x000000070f800000| Untracked 
|  84|0x000000070fa00000, 0x000000070fa00000, 0x000000070fc00000|  0%| F|  |TAMS 0x000000070fa00000, 0x000000070fa00000| Untracked 
|  85|0x000000070fc00000, 0x000000070fc00000, 0x000000070fe00000|  0%| F|  |TAMS 0x000000070fc00000, 0x000000070fc00000| Untracked 
|  86|0x000000070fe00000, 0x000000070fe00000, 0x0000000710000000|  0%| F|  |TAMS 0x000000070fe00000, 0x000000070fe00000| Untracked 
|  87|0x0000000710000000, 0x0000000710000000, 0x0000000710200000|  0%| F|  |TAMS 0x0000000710000000, 0x0000000710000000| Untracked 
|  88|0x0000000710200000, 0x0000000710200000, 0x0000000710400000|  0%| F|  |TAMS 0x0000000710200000, 0x0000000710200000| Untracked 
|  89|0x0000000710400000, 0x0000000710400000, 0x0000000710600000|  0%| F|  |TAMS 0x0000000710400000, 0x0000000710400000| Untracked 
|  90|0x0000000710600000, 0x0000000710600000, 0x0000000710800000|  0%| F|  |TAMS 0x0000000710600000, 0x0000000710600000| Untracked 
|  91|0x0000000710800000, 0x0000000710800000, 0x0000000710a00000|  0%| F|  |TAMS 0x0000000710800000, 0x0000000710800000| Untracked 
|  92|0x0000000710a00000, 0x0000000710a00000, 0x0000000710c00000|  0%| F|  |TAMS 0x0000000710a00000, 0x0000000710a00000| Untracked 
|  93|0x0000000710c00000, 0x0000000710c00000, 0x0000000710e00000|  0%| F|  |TAMS 0x0000000710c00000, 0x0000000710c00000| Untracked 
|  94|0x0000000710e00000, 0x0000000710e00000, 0x0000000711000000|  0%| F|  |TAMS 0x0000000710e00000, 0x0000000710e00000| Untracked 
|  95|0x0000000711000000, 0x0000000711000000, 0x0000000711200000|  0%| F|  |TAMS 0x0000000711000000, 0x0000000711000000| Untracked 
|  96|0x0000000711200000, 0x0000000711200000, 0x0000000711400000|  0%| F|  |TAMS 0x0000000711200000, 0x0000000711200000| Untracked 
|  97|0x0000000711400000, 0x0000000711400000, 0x0000000711600000|  0%| F|  |TAMS 0x0000000711400000, 0x0000000711400000| Untracked 
|  98|0x0000000711600000, 0x0000000711600000, 0x0000000711800000|  0%| F|  |TAMS 0x0000000711600000, 0x0000000711600000| Untracked 
|  99|0x0000000711800000, 0x0000000711800000, 0x0000000711a00000|  0%| F|  |TAMS 0x0000000711800000, 0x0000000711800000| Untracked 
| 100|0x0000000711a00000, 0x0000000711a00000, 0x0000000711c00000|  0%| F|  |TAMS 0x0000000711a00000, 0x0000000711a00000| Untracked 
| 101|0x0000000711c00000, 0x0000000711c00000, 0x0000000711e00000|  0%| F|  |TAMS 0x0000000711c00000, 0x0000000711c00000| Untracked 
| 102|0x0000000711e00000, 0x0000000711e00000, 0x0000000712000000|  0%| F|  |TAMS 0x0000000711e00000, 0x0000000711e00000| Untracked 
| 103|0x0000000712000000, 0x0000000712000000, 0x0000000712200000|  0%| F|  |TAMS 0x0000000712000000, 0x0000000712000000| Untracked 
| 104|0x0000000712200000, 0x0000000712200000, 0x0000000712400000|  0%| F|  |TAMS 0x0000000712200000, 0x0000000712200000| Untracked 
| 105|0x0000000712400000, 0x0000000712400000, 0x0000000712600000|  0%| F|  |TAMS 0x0000000712400000, 0x0000000712400000| Untracked 
| 106|0x0000000712600000, 0x0000000712600000, 0x0000000712800000|  0%| F|  |TAMS 0x0000000712600000, 0x0000000712600000| Untracked 
| 107|0x0000000712800000, 0x0000000712800000, 0x0000000712a00000|  0%| F|  |TAMS 0x0000000712800000, 0x0000000712800000| Untracked 
| 108|0x0000000712a00000, 0x0000000712a00000, 0x0000000712c00000|  0%| F|  |TAMS 0x0000000712a00000, 0x0000000712a00000| Untracked 
| 109|0x0000000712c00000, 0x0000000712c00000, 0x0000000712e00000|  0%| F|  |TAMS 0x0000000712c00000, 0x0000000712c00000| Untracked 
| 110|0x0000000712e00000, 0x0000000712e00000, 0x0000000713000000|  0%| F|  |TAMS 0x0000000712e00000, 0x0000000712e00000| Untracked 
| 111|0x0000000713000000, 0x0000000713000000, 0x0000000713200000|  0%| F|  |TAMS 0x0000000713000000, 0x0000000713000000| Untracked 
| 112|0x0000000713200000, 0x0000000713200000, 0x0000000713400000|  0%| F|  |TAMS 0x0000000713200000, 0x0000000713200000| Untracked 
| 113|0x0000000713400000, 0x0000000713400000, 0x0000000713600000|  0%| F|  |TAMS 0x0000000713400000, 0x0000000713400000| Untracked 
| 114|0x0000000713600000, 0x0000000713600000, 0x0000000713800000|  0%| F|  |TAMS 0x0000000713600000, 0x0000000713600000| Untracked 
| 115|0x0000000713800000, 0x00000007139cb408, 0x0000000713a00000| 89%| S|CS|TAMS 0x0000000713800000, 0x0000000713800000| Complete 
| 116|0x0000000713a00000, 0x0000000713a00000, 0x0000000713c00000|  0%| F|  |TAMS 0x0000000713a00000, 0x0000000713a00000| Untracked 
| 117|0x0000000713c00000, 0x0000000713c00000, 0x0000000713e00000|  0%| F|  |TAMS 0x0000000713c00000, 0x0000000713c00000| Untracked 
| 118|0x0000000713e00000, 0x0000000713e00000, 0x0000000714000000|  0%| F|  |TAMS 0x0000000713e00000, 0x0000000713e00000| Untracked 
| 119|0x0000000714000000, 0x00000007141dc060, 0x0000000714200000| 92%| E|  |TAMS 0x0000000714000000, 0x0000000714000000| Complete 
| 120|0x0000000714200000, 0x0000000714400000, 0x0000000714400000|100%| E|CS|TAMS 0x0000000714200000, 0x0000000714200000| Complete 
| 121|0x0000000714400000, 0x0000000714600000, 0x0000000714600000|100%| E|  |TAMS 0x0000000714400000, 0x0000000714400000| Complete 
| 122|0x0000000714600000, 0x0000000714800000, 0x0000000714800000|100%| E|CS|TAMS 0x0000000714600000, 0x0000000714600000| Complete 
| 123|0x0000000714800000, 0x0000000714a00000, 0x0000000714a00000|100%| E|CS|TAMS 0x0000000714800000, 0x0000000714800000| Complete 
| 124|0x0000000714a00000, 0x0000000714c00000, 0x0000000714c00000|100%| E|CS|TAMS 0x0000000714a00000, 0x0000000714a00000| Complete 
| 125|0x0000000714c00000, 0x0000000714e00000, 0x0000000714e00000|100%| E|CS|TAMS 0x0000000714c00000, 0x0000000714c00000| Complete 

Card table byte_map: [0x000001e71f630000,0x000001e71fe10000] _byte_map_base: 0x000001e71be07000

Marking Bits (Prev, Next): (CMBitMap*) 0x000001e7080b97a0, (CMBitMap*) 0x000001e7080b97e0
 Prev Bits: [0x000001e7205f0000, 0x000001e7244a8000)
 Next Bits: [0x000001e7244b0000, 0x000001e728368000)

Polling page: 0x000001e706030000

Metaspace:

Usage:
  Non-class:     13.53 MB used.
      Class:      1.87 MB used.
       Both:     15.39 MB used.

Virtual space:
  Non-class space:       64.00 MB reserved,      13.69 MB ( 21%) committed,  1 nodes.
      Class space:        1.00 GB reserved,       2.00 MB ( <1%) committed,  1 nodes.
             Both:        1.06 GB reserved,      15.69 MB (  1%) committed. 

Chunk freelists:
   Non-Class:  1.38 MB
       Class:  13.97 MB
        Both:  15.34 MB

MaxMetaspaceSize: unlimited
CompressedClassSpaceSize: 1.00 GB
Initial GC threshold: 21.00 MB
Current GC threshold: 21.00 MB
CDS: on
MetaspaceReclaimPolicy: balanced
 - commit_granule_bytes: 65536.
 - commit_granule_words: 8192.
 - virtual_space_node_default_size: 8388608.
 - enlarge_chunks_in_place: 1.
 - new_chunks_are_fully_committed: 0.
 - uncommit_free_chunks: 1.
 - use_allocation_guard: 0.
 - handle_deallocations: 1.


Internal statistics:

num_allocs_failed_limit: 0.
num_arena_births: 318.
num_arena_deaths: 0.
num_vsnodes_births: 2.
num_vsnodes_deaths: 0.
num_space_committed: 252.
num_space_uncommitted: 0.
num_chunks_returned_to_freelist: 0.
num_chunks_taken_from_freelist: 770.
num_chunk_merges: 0.
num_chunk_splits: 481.
num_chunks_enlarged: 325.
num_inconsistent_stats: 0.

CodeHeap 'non-profiled nmethods': size=120000Kb used=876Kb max_used=876Kb free=119124Kb
 bounds [0x000001e7173c0000, 0x000001e717630000, 0x000001e71e8f0000]
CodeHeap 'profiled nmethods': size=120000Kb used=3951Kb max_used=3951Kb free=116048Kb
 bounds [0x000001e70f8f0000, 0x000001e70fcd0000, 0x000001e716e20000]
CodeHeap 'non-nmethods': size=5760Kb used=1233Kb max_used=1262Kb free=4526Kb
 bounds [0x000001e716e20000, 0x000001e717090000, 0x000001e7173c0000]
 total_blobs=2590 nmethods=2052 adapters=450
 compilation: enabled
              stopped_count=0, restarted_count=0
 full_count=0

Compilation events (20 events):
Event: 1.208 Thread 0x000001e72b057240 2042       3       java.util.Collections$UnmodifiableMap$UnmodifiableEntrySet$UnmodifiableEntry::getKey (10 bytes)
Event: 1.208 Thread 0x000001e72b057240 nmethod 2042 0x000001e70fcc3610 code [0x000001e70fcc37c0, 0x000001e70fcc39a8]
Event: 1.211 Thread 0x000001e72b057240 2044       3       java.lang.reflect.Constructor::acquireConstructorAccessor (44 bytes)
Event: 1.212 Thread 0x000001e72b057240 nmethod 2044 0x000001e70fcc3a90 code [0x000001e70fcc3c80, 0x000001e70fcc4198]
Event: 1.215 Thread 0x000001e72b057240 2045       3       java.lang.reflect.Constructor::setAccessible (21 bytes)
Event: 1.215 Thread 0x000001e72b057240 nmethod 2045 0x000001e70fcc4310 code [0x000001e70fcc4520, 0x000001e70fcc4c38]
Event: 1.215 Thread 0x000001e72b057240 2046       3       java.lang.reflect.Constructor::checkCanSetAccessible (29 bytes)
Event: 1.215 Thread 0x000001e72b057240 nmethod 2046 0x000001e70fcc4e90 code [0x000001e70fcc5060, 0x000001e70fcc5338]
Event: 1.217 Thread 0x000001e72b057240 2047       3       java.util.HashMap::<init> (98 bytes)
Event: 1.218 Thread 0x000001e72b057240 nmethod 2047 0x000001e70fcc5490 code [0x000001e70fcc57c0, 0x000001e70fcc68d8]
Event: 1.218 Thread 0x000001e72b057240 2048       3       java.util.Spliterators$ArraySpliterator::estimateSize (11 bytes)
Event: 1.218 Thread 0x000001e72b057240 nmethod 2048 0x000001e70fcc6e90 code [0x000001e70fcc7020, 0x000001e70fcc7138]
Event: 1.218 Thread 0x000001e72b057240 2049       3       java.util.StringJoiner::add (110 bytes)
Event: 1.219 Thread 0x000001e72b057240 nmethod 2049 0x000001e70fcc7210 code [0x000001e70fcc7460, 0x000001e70fcc7f58]
Event: 1.219 Thread 0x000001e72b057240 2050       3       java.util.Spliterators::checkFromToBounds (74 bytes)
Event: 1.220 Thread 0x000001e72b057240 nmethod 2050 0x000001e70fcc8310 code [0x000001e70fcc85c0, 0x000001e70fcc9028]
Event: 1.225 Thread 0x000001e72b057240 2051   !   3       java.util.jar.JarFile::getManifestFromReference (197 bytes)
Event: 1.225 Thread 0x000001e72b057240 nmethod 2051 0x000001e70fcc9490 code [0x000001e70fcc9840, 0x000001e70fccb378]
Event: 1.227 Thread 0x000001e72b04e870 2052       4       jdk.internal.loader.URLClassPath$JarLoader$2::getCodeSourceURL (8 bytes)
Event: 1.228 Thread 0x000001e72b04e870 nmethod 2052 0x000001e71749aa10 code [0x000001e71749ab80, 0x000001e71749ac18]

GC Heap History (4 events):
Event: 0.641 GC heap before
{Heap before GC invocations=0 (full 0):
 garbage-first heap   total 258048K, used 20480K [0x0000000705200000, 0x0000000800000000)
  region size 2048K, 11 young (22528K), 0 survivors (0K)
 Metaspace       used 6412K, committed 6656K, reserved 1114112K
  class space    used 720K, committed 832K, reserved 1048576K
}
Event: 0.646 GC heap after
{Heap after GC invocations=1 (full 0):
 garbage-first heap   total 258048K, used 9046K [0x0000000705200000, 0x0000000800000000)
  region size 2048K, 2 young (4096K), 2 survivors (4096K)
 Metaspace       used 6412K, committed 6656K, reserved 1114112K
  class space    used 720K, committed 832K, reserved 1048576K
}
Event: 1.020 GC heap before
{Heap before GC invocations=1 (full 0):
 garbage-first heap   total 258048K, used 29526K [0x0000000705200000, 0x0000000800000000)
  region size 2048K, 12 young (24576K), 2 survivors (4096K)
 Metaspace       used 11566K, committed 11904K, reserved 1114112K
  class space    used 1411K, committed 1536K, reserved 1048576K
}
Event: 1.024 GC heap after
{Heap after GC invocations=2 (full 0):
 garbage-first heap   total 258048K, used 10581K [0x0000000705200000, 0x0000000800000000)
  region size 2048K, 1 young (2048K), 1 survivors (2048K)
 Metaspace       used 11566K, committed 11904K, reserved 1114112K
  class space    used 1411K, committed 1536K, reserved 1048576K
}

Deoptimization events (20 events):
Event: 1.066 Thread 0x000001e70804a730 Uncommon trap: trap_request=0xffffff45 fr.pc=0x000001e7174234c8 relative=0x0000000000000048
Event: 1.066 Thread 0x000001e70804a730 Uncommon trap: reason=unstable_if action=reinterpret pc=0x000001e7174234c8 method=java.lang.CharacterData.of(I)Ljava/lang/CharacterData; @ 4 c2
Event: 1.066 Thread 0x000001e70804a730 DEOPT PACKING pc=0x000001e7174234c8 sp=0x00000051e5afcad0
Event: 1.066 Thread 0x000001e70804a730 DEOPT UNPACKING pc=0x000001e716e723a3 sp=0x00000051e5afca70 mode 2
Event: 1.072 Thread 0x000001e70804a730 Uncommon trap: trap_request=0xffffff45 fr.pc=0x000001e717472c78 relative=0x00000000000000d8
Event: 1.072 Thread 0x000001e70804a730 Uncommon trap: reason=unstable_if action=reinterpret pc=0x000001e717472c78 method=java.util.HashMap.hash(Ljava/lang/Object;)I @ 1 c2
Event: 1.072 Thread 0x000001e70804a730 DEOPT PACKING pc=0x000001e717472c78 sp=0x00000051e5afc2b0
Event: 1.072 Thread 0x000001e70804a730 DEOPT UNPACKING pc=0x000001e716e723a3 sp=0x00000051e5afc1f0 mode 2
Event: 1.072 Thread 0x000001e70804a730 Uncommon trap: trap_request=0xffffff45 fr.pc=0x000001e71742b618 relative=0x0000000000000098
Event: 1.072 Thread 0x000001e70804a730 Uncommon trap: reason=unstable_if action=reinterpret pc=0x000001e71742b618 method=java.util.HashMap.hash(Ljava/lang/Object;)I @ 1 c2
Event: 1.072 Thread 0x000001e70804a730 DEOPT PACKING pc=0x000001e71742b618 sp=0x00000051e5afc260
Event: 1.072 Thread 0x000001e70804a730 DEOPT UNPACKING pc=0x000001e716e723a3 sp=0x00000051e5afc1f8 mode 2
Event: 1.129 Thread 0x000001e70804a730 Uncommon trap: trap_request=0xffffff45 fr.pc=0x000001e7173f10cc relative=0x000000000000020c
Event: 1.129 Thread 0x000001e70804a730 Uncommon trap: reason=unstable_if action=reinterpret pc=0x000001e7173f10cc method=java.util.TreeMap.put(Ljava/lang/Object;Ljava/lang/Object;Z)Ljava/lang/Object; @ 27 c2
Event: 1.129 Thread 0x000001e70804a730 DEOPT PACKING pc=0x000001e7173f10cc sp=0x00000051e5afd380
Event: 1.129 Thread 0x000001e70804a730 DEOPT UNPACKING pc=0x000001e716e723a3 sp=0x00000051e5afd248 mode 2
Event: 1.186 Thread 0x000001e70804a730 Uncommon trap: trap_request=0xffffff45 fr.pc=0x000001e717483698 relative=0x0000000000001538
Event: 1.186 Thread 0x000001e70804a730 Uncommon trap: reason=unstable_if action=reinterpret pc=0x000001e717483698 method=java.util.concurrent.ConcurrentHashMap.transfer([Ljava/util/concurrent/ConcurrentHashMap$Node;[Ljava/util/concurrent/ConcurrentHashMap$Node;)V @ 26 c2
Event: 1.186 Thread 0x000001e70804a730 DEOPT PACKING pc=0x000001e717483698 sp=0x00000051e5afc910
Event: 1.186 Thread 0x000001e70804a730 DEOPT UNPACKING pc=0x000001e716e723a3 sp=0x00000051e5afc880 mode 2

Classes unloaded (0 events):
No events

Classes redefined (0 events):
No events

Internal exceptions (20 events):
Event: 0.700 Thread 0x000001e70804a730 Exception <a 'java/lang/NoSuchMethodError'{0x0000000714b5b2d0}: 'java.lang.Object java.lang.invoke.Invokers$Holder.linkToTargetMethod(java.lang.Object, java.lang.Object, int, java.lang.Object, java.lang.Object)'> (0x0000000714b5b2d0) 
thrown [s\open\src\hotspot\share\interpreter\linkResolver.cpp, line 759]
Event: 0.751 Thread 0x000001e70804a730 Exception <a 'java/lang/NoSuchMethodError'{0x00000007149c55c0}: 'void java.lang.invoke.DirectMethodHandle$Holder.invokeStatic(java.lang.Object, java.lang.Object, java.lang.Object)'> (0x00000007149c55c0) 
thrown [s\open\src\hotspot\share\interpreter\linkResolver.cpp, line 759]
Event: 0.754 Thread 0x000001e70804a730 Exception <a 'java/lang/NoSuchMethodError'{0x00000007149e35f0}: 'java.lang.Object java.lang.invoke.DirectMethodHandle$Holder.invokeStatic(java.lang.Object, java.lang.Object, int)'> (0x00000007149e35f0) 
thrown [s\open\src\hotspot\share\interpreter\linkResolver.cpp, line 759]
Event: 0.755 Thread 0x000001e70804a730 Exception <a 'java/lang/NoSuchMethodError'{0x00000007149ee3b0}: 'void java.lang.invoke.DelegatingMethodHandle$Holder.delegate(java.lang.Object, java.lang.Object, int, java.lang.Object)'> (0x00000007149ee3b0) 
thrown [s\open\src\hotspot\share\interpreter\linkResolver.cpp, line 759]
Event: 0.761 Thread 0x000001e70804a730 Exception <a 'java/lang/IncompatibleClassChangeError'{0x0000000714635b30}: Found class java.lang.Object, but interface was expected> (0x0000000714635b30) 
thrown [s\open\src\hotspot\share\interpreter\linkResolver.cpp, line 826]
Event: 0.799 Thread 0x000001e70804a730 Exception <a 'java/lang/NoSuchMethodError'{0x000000071478a128}: 'java.lang.Object java.lang.invoke.DirectMethodHandle$Holder.invokeStatic(java.lang.Object, int, java.lang.Object)'> (0x000000071478a128) 
thrown [s\open\src\hotspot\share\interpreter\linkResolver.cpp, line 759]
Event: 0.898 Thread 0x000001e70804a730 Exception <a 'java/lang/NoSuchMethodError'{0x0000000713e7e3d0}: 'java.lang.Object java.lang.invoke.DirectMethodHandle$Holder.newInvokeSpecial(java.lang.Object, long, int, java.lang.Object)'> (0x0000000713e7e3d0) 
thrown [s\open\src\hotspot\share\interpreter\linkResolver.cpp, line 759]
Event: 0.904 Thread 0x000001e70804a730 Exception <a 'java/lang/NoSuchMethodError'{0x0000000713eed4c0}: 'void java.lang.invoke.DirectMethodHandle$Holder.invokeStaticInit(java.lang.Object, java.lang.Object, java.lang.Object, java.lang.Object)'> (0x0000000713eed4c0) 
thrown [s\open\src\hotspot\share\interpreter\linkResolver.cpp, line 759]
Event: 1.070 Thread 0x000001e70804a730 Exception <a 'sun/nio/fs/WindowsException'{0x0000000714b1d250}> (0x0000000714b1d250) 
thrown [s\open\src\hotspot\share\prims\jni.cpp, line 516]
Event: 1.072 Thread 0x000001e70804a730 Implicit null exception at 0x000001e717472bd8 to 0x000001e717472c6e
Event: 1.072 Thread 0x000001e70804a730 Implicit null exception at 0x000001e71742b58f to 0x000001e71742b609
Event: 1.096 Thread 0x000001e70804a730 Exception <a 'java/lang/NoSuchMethodError'{0x0000000714bb35f8}: 'int java.lang.invoke.DirectMethodHandle$Holder.invokeInterface(java.lang.Object, java.lang.Object)'> (0x0000000714bb35f8) 
thrown [s\open\src\hotspot\share\interpreter\linkResolver.cpp, line 759]
Event: 1.096 Thread 0x000001e70804a730 Exception <a 'java/lang/IncompatibleClassChangeError'{0x0000000714bb6b88}: Found class java.lang.Object, but interface was expected> (0x0000000714bb6b88) 
thrown [s\open\src\hotspot\share\interpreter\linkResolver.cpp, line 826]
Event: 1.161 Thread 0x000001e70804a730 Exception <a 'java/lang/NoSuchMethodError'{0x0000000714624a80}: 'void java.lang.invoke.DirectMethodHandle$Holder.invokeInterface(java.lang.Object, java.lang.Object)'> (0x0000000714624a80) 
thrown [s\open\src\hotspot\share\interpreter\linkResolver.cpp, line 759]
Event: 1.165 Thread 0x000001e70804a730 Exception <a 'java/lang/IncompatibleClassChangeError'{0x0000000714663e48}: Found class java.lang.Object, but interface was expected> (0x0000000714663e48) 
thrown [s\open\src\hotspot\share\interpreter\linkResolver.cpp, line 826]
Event: 1.174 Thread 0x000001e70804a730 Exception <a 'java/lang/NoSuchMethodError'{0x00000007146f53c0}: 'java.lang.Object java.lang.invoke.DirectMethodHandle$Holder.invokeVirtual(java.lang.Object, java.lang.Object, java.lang.Object)'> (0x00000007146f53c0) 
thrown [s\open\src\hotspot\share\interpreter\linkResolver.cpp, line 759]
Event: 1.181 Thread 0x000001e70804a730 Exception <a 'java/lang/NoSuchMethodError'{0x0000000714745198}: 'java.lang.Object java.lang.invoke.DirectMethodHandle$Holder.invokeInterface(java.lang.Object, java.lang.Object, java.lang.Object)'> (0x0000000714745198) 
thrown [s\open\src\hotspot\share\interpreter\linkResolver.cpp, line 759]
Event: 1.182 Thread 0x000001e70804a730 Exception <a 'java/lang/NoSuchMethodError'{0x000000071475f9e8}: 'java.lang.Object java.lang.invoke.DirectMethodHandle$Holder.invokeSpecialIFC(java.lang.Object, java.lang.Object, java.lang.Object, java.lang.Object)'> (0x000000071475f9e8) 
thrown [s\open\src\hotspot\share\interpreter\linkResolver.cpp, line 759]
Event: 1.192 Thread 0x000001e70804a730 Exception <a 'java/lang/NoSuchMethodError'{0x000000071440ce78}: 'int java.lang.invoke.DirectMethodHandle$Holder.invokeSpecialIFC(java.lang.Object, java.lang.Object, java.lang.Object, java.lang.Object, java.lang.Object)'> (0x000000071440ce78) 
thrown [s\open\src\hotspot\share\interpreter\linkResolver.cpp, line 759]
Event: 1.219 Thread 0x000001e70804a730 Exception <a 'sun/nio/fs/WindowsException'{0x000000071458cc40}> (0x000000071458cc40) 
thrown [s\open\src\hotspot\share\prims\jni.cpp, line 516]

VM Operations (20 events):
Event: 0.531 Executing VM operation: HandshakeAllThreads
Event: 0.531 Executing VM operation: HandshakeAllThreads done
Event: 0.641 Executing VM operation: G1CollectForAllocation
Event: 0.646 Executing VM operation: G1CollectForAllocation done
Event: 0.689 Executing VM operation: HandshakeAllThreads
Event: 0.689 Executing VM operation: HandshakeAllThreads done
Event: 0.754 Executing VM operation: HandshakeAllThreads
Event: 0.754 Executing VM operation: HandshakeAllThreads done
Event: 0.763 Executing VM operation: HandshakeAllThreads
Event: 0.763 Executing VM operation: HandshakeAllThreads done
Event: 0.950 Executing VM operation: HandshakeAllThreads
Event: 0.950 Executing VM operation: HandshakeAllThreads done
Event: 1.020 Executing VM operation: G1CollectForAllocation
Event: 1.024 Executing VM operation: G1CollectForAllocation done
Event: 1.067 Executing VM operation: HandshakeAllThreads
Event: 1.067 Executing VM operation: HandshakeAllThreads done
Event: 1.172 Executing VM operation: HandshakeAllThreads
Event: 1.172 Executing VM operation: HandshakeAllThreads done
Event: 1.217 Executing VM operation: HandshakeAllThreads
Event: 1.217 Executing VM operation: HandshakeAllThreads done

Events (20 events):
Event: 1.171 loading class jdk/internal/access/JavaUtilCollectionAccess done
Event: 1.171 loading class java/util/ImmutableCollections$Access$1 done
Event: 1.174 loading class java/util/concurrent/ExecutionException
Event: 1.174 loading class java/util/concurrent/ExecutionException done
Event: 1.203 loading class java/util/regex/Pattern$SliceS
Event: 1.203 loading class java/util/regex/Pattern$SliceS done
Event: 1.204 loading class java/util/Collections$UnmodifiableSortedSet
Event: 1.205 loading class java/util/Collections$UnmodifiableSortedSet done
Event: 1.206 loading class java/util/Collections$UnmodifiableMap$UnmodifiableEntrySet
Event: 1.206 loading class java/util/Collections$UnmodifiableMap$UnmodifiableEntrySet done
Event: 1.206 loading class java/util/Collections$UnmodifiableMap$UnmodifiableEntrySet$1
Event: 1.206 loading class java/util/Collections$UnmodifiableMap$UnmodifiableEntrySet$1 done
Event: 1.206 loading class java/util/Collections$UnmodifiableMap$UnmodifiableEntrySet$UnmodifiableEntry
Event: 1.206 loading class java/util/Collections$UnmodifiableMap$UnmodifiableEntrySet$UnmodifiableEntry done
Event: 1.215 loading class java/nio/file/FileSystemNotFoundException
Event: 1.215 loading class java/nio/file/FileSystemNotFoundException done
Event: 1.215 loading class java/nio/file/FileVisitOption
Event: 1.215 loading class java/nio/file/FileVisitOption done
Event: 1.215 loading class java/nio/file/FileVisitor
Event: 1.216 loading class java/nio/file/FileVisitor done


Dynamic libraries:
0x00007ff6baa90000 - 0x00007ff6baaa0000 	C:\Program Files\Java\jdk-17\bin\javaw.exe
0x00007fff786b0000 - 0x00007fff788c7000 	C:\windows\SYSTEM32\ntdll.dll
0x00007fff76980000 - 0x00007fff76a44000 	C:\windows\System32\KERNEL32.DLL
0x00007fff75c60000 - 0x00007fff76019000 	C:\windows\System32\KERNELBASE.dll
0x00007fff75b40000 - 0x00007fff75c51000 	C:\windows\System32\ucrtbase.dll
0x00007fff5cd40000 - 0x00007fff5cd5b000 	C:\Program Files\Java\jdk-17\bin\VCRUNTIME140.dll
0x00007fff5b080000 - 0x00007fff5b099000 	C:\Program Files\Java\jdk-17\bin\jli.dll
0x00007fff76f00000 - 0x00007fff76fb2000 	C:\windows\System32\ADVAPI32.dll
0x00007fff76560000 - 0x00007fff76607000 	C:\windows\System32\msvcrt.dll
0x00007fff770c0000 - 0x00007fff77167000 	C:\windows\System32\sechost.dll
0x00007fff75b10000 - 0x00007fff75b38000 	C:\windows\System32\bcrypt.dll
0x00007fff77d90000 - 0x00007fff77ea4000 	C:\windows\System32\RPCRT4.dll
0x00007fff77ba0000 - 0x00007fff77d4e000 	C:\windows\System32\USER32.dll
0x00007fff76200000 - 0x00007fff76226000 	C:\windows\System32\win32u.dll
0x00007fff77d60000 - 0x00007fff77d89000 	C:\windows\System32\GDI32.dll
0x00007fff4a7d0000 - 0x00007fff4aa62000 	C:\windows\WinSxS\amd64_microsoft.windows.common-controls_6595b64144ccf1df_6.0.22621.4391_none_2715d37f73803e96\COMCTL32.dll
0x00007fff762b0000 - 0x00007fff763cb000 	C:\windows\System32\gdi32full.dll
0x00007fff75a70000 - 0x00007fff75b0a000 	C:\windows\System32\msvcp_win.dll
0x00007fff6a110000 - 0x00007fff6a11a000 	C:\windows\SYSTEM32\VERSION.dll
0x00007fff76520000 - 0x00007fff76551000 	C:\windows\System32\IMM32.DLL
0x00007fff6f480000 - 0x00007fff6f48c000 	C:\Program Files\Java\jdk-17\bin\vcruntime140_1.dll
0x00007fff43190000 - 0x00007fff4321e000 	C:\Program Files\Java\jdk-17\bin\msvcp140.dll
0x00007fff146b0000 - 0x00007fff15290000 	C:\Program Files\Java\jdk-17\bin\server\jvm.dll
0x00007fff70880000 - 0x00007fff708b4000 	C:\windows\SYSTEM32\WINMM.dll
0x00007fff76790000 - 0x00007fff76798000 	C:\windows\System32\PSAPI.DLL
0x00007fff4d670000 - 0x00007fff4d679000 	C:\windows\SYSTEM32\WSOCK32.dll
0x00007fff76710000 - 0x00007fff76781000 	C:\windows\System32\WS2_32.dll
0x00007fff74990000 - 0x00007fff749a8000 	C:\windows\SYSTEM32\kernel.appcore.dll
0x00007fff5cd10000 - 0x00007fff5cd1a000 	C:\Program Files\Java\jdk-17\bin\jimage.dll
0x00007fff732f0000 - 0x00007fff73522000 	C:\windows\SYSTEM32\DBGHELP.DLL
0x00007fff77eb0000 - 0x00007fff7823f000 	C:\windows\System32\combase.dll
0x00007fff763d0000 - 0x00007fff764a7000 	C:\windows\System32\OLEAUT32.dll
0x00007fff5e870000 - 0x00007fff5e8a2000 	C:\windows\SYSTEM32\dbgcore.DLL
0x00007fff76230000 - 0x00007fff762ab000 	C:\windows\System32\bcryptPrimitives.dll
0x00007fff5a560000 - 0x00007fff5a585000 	C:\Program Files\Java\jdk-17\bin\java.dll
0x00007fff3ec60000 - 0x00007fff3ed37000 	C:\Program Files\Java\jdk-17\bin\jsvml.dll
0x00007fff77170000 - 0x00007fff779e6000 	C:\windows\System32\SHELL32.dll
0x00007fff738a0000 - 0x00007fff741a3000 	C:\windows\SYSTEM32\windows.storage.dll
0x00007fff73760000 - 0x00007fff7389f000 	C:\windows\SYSTEM32\wintypes.dll
0x00007fff76610000 - 0x00007fff76709000 	C:\windows\System32\SHCORE.dll
0x00007fff764c0000 - 0x00007fff7651e000 	C:\windows\System32\shlwapi.dll
0x00007fff758e0000 - 0x00007fff7590b000 	C:\windows\SYSTEM32\profapi.dll
0x00007fff5ac90000 - 0x00007fff5aca9000 	C:\Program Files\Java\jdk-17\bin\net.dll
0x00007fff71ef0000 - 0x00007fff72026000 	C:\windows\SYSTEM32\WINHTTP.dll
0x00007fff74e70000 - 0x00007fff74ed9000 	C:\windows\system32\mswsock.dll
0x00007fff5ac60000 - 0x00007fff5ac76000 	C:\Program Files\Java\jdk-17\bin\nio.dll
0x00007fff56770000 - 0x00007fff56788000 	C:\Program Files\Java\jdk-17\bin\zip.dll
0x00007fff5ccd0000 - 0x00007fff5cce0000 	C:\Program Files\Java\jdk-17\bin\verify.dll
0x00007fff74480000 - 0x00007fff74582000 	C:\windows\SYSTEM32\DNSAPI.dll
0x00007fff74450000 - 0x00007fff7447d000 	C:\windows\SYSTEM32\IPHLPAPI.DLL
0x00007fff76ef0000 - 0x00007fff76ef9000 	C:\windows\System32\NSI.dll
0x0000000050320000 - 0x0000000050355000 	C:\Program Files\Bonjour\mdnsNSP.dll
0x00007fff6e740000 - 0x00007fff6e74a000 	C:\Windows\System32\rasadhlp.dll
0x00007fff6e880000 - 0x00007fff6e903000 	C:\windows\System32\fwpuclnt.dll
0x00007fff750d0000 - 0x00007fff750eb000 	C:\windows\SYSTEM32\CRYPTSP.dll
0x00007fff74950000 - 0x00007fff74985000 	C:\windows\system32\rsaenh.dll
0x00007fff74f60000 - 0x00007fff74f88000 	C:\windows\SYSTEM32\USERENV.dll
0x00007fff750c0000 - 0x00007fff750cc000 	C:\windows\SYSTEM32\CRYPTBASE.dll
0x00007fff70c70000 - 0x00007fff70c89000 	C:\windows\SYSTEM32\dhcpcsvc6.DLL
0x00007fff70c50000 - 0x00007fff70c6f000 	C:\windows\SYSTEM32\dhcpcsvc.DLL
0x00007fff5b070000 - 0x00007fff5b07a000 	C:\Program Files\Java\jdk-17\bin\management.dll
0x00007fff5aef0000 - 0x00007fff5aefb000 	C:\Program Files\Java\jdk-17\bin\management_ext.dll
0x00007ffee5b30000 - 0x00007ffee5b47000 	C:\windows\system32\napinsp.dll
0x00007ffef8630000 - 0x00007ffef864b000 	C:\windows\system32\pnrpnsp.dll
0x00007ffefaf60000 - 0x00007ffefaf71000 	C:\windows\System32\winrnr.dll
0x00007fff2dec0000 - 0x00007fff2ded5000 	C:\windows\system32\wshbth.dll
0x00007fff206a0000 - 0x00007fff206c7000 	C:\windows\system32\nlansp_c.dll

dbghelp: loaded successfully - version: 4.0.5 - missing functions: none
symbol engine: initialized successfully - sym options: 0x614 - pdb path: .;C:\Program Files\Java\jdk-17\bin;C:\windows\SYSTEM32;C:\windows\WinSxS\amd64_microsoft.windows.common-controls_6595b64144ccf1df_6.0.22621.4391_none_2715d37f73803e96;C:\Program Files\Java\jdk-17\bin\server;C:\Program Files\Bonjour

VM Arguments:
jvm_args: -ea -Dfile.encoding=UTF-8 -Dstdout.encoding=UTF-8 -Dstderr.encoding=UTF-8 -XX:+ShowCodeDetailsInExceptionMessages 
java_command: org.testng.remote.RemoteTestNG -serport 50827 -protocol json -d D:\BDD_Workspace\BDDFramework\test-output D:\BDD_Workspace\BDDFramework\testng.xml
java_class_path (initial): D:\Software\eclipse-java-2024-03-R-win32-x86_64\eclipse\configuration\org.eclipse.osgi\585\0\.cp\lib\testng-remote.jar;D:\BDD_Workspace\BDDFramework\target\test-classes;D:\BDD_Workspace\BDDFramework\target\classes;D:\Software\selenium-java-4.26.0\selenium-manager-4.26.0.jar;D:\Software\selenium-java-4.26.0\selenium-manager-4.26.0-sources.jar;D:\Software\selenium-java-4.26.0\auto-service-annotations-1.1.1.jar;D:\Software\selenium-java-4.26.0\auto-service-annotations-1.1.1-sources.jar;D:\Software\selenium-java-4.26.0\byte-buddy-1.15.7.jar;D:\Software\selenium-java-4.26.0\byte-buddy-1.15.7-sources.jar;D:\Software\selenium-java-4.26.0\checker-qual-3.43.0.jar;D:\Software\selenium-java-4.26.0\checker-qual-3.43.0-sources.jar;D:\Software\selenium-java-4.26.0\commons-exec-1.4.0.jar;D:\Software\selenium-java-4.26.0\commons-exec-1.4.0-sources.jar;D:\Software\selenium-java-4.26.0\error_prone_annotations-2.28.0.jar;D:\Software\selenium-java-4.26.0\error_prone_annotations-2.28.0-sources.jar;D:\Software\selenium-java-4.26.0\failsafe-3.3.2.jar;D:\Software\selenium-java-4.26.0\failsafe-3.3.2-sources.jar;D:\Software\selenium-java-4.26.0\failureaccess-1.0.2.jar;D:\Software\selenium-java-4.26.0\failureaccess-1.0.2-sources.jar;D:\Software\selenium-java-4.26.0\guava-33.3.1-jre.jar;D:\Software\selenium-java-4.26.0\guava-33.3.1-jre-sources.jar;D:\Software\selenium-java-4.26.0\j2objc-annotations-3.0.0.jar;D:\Software\selenium-java-4.26.0\j2objc-annotations-3.0.0-sources.jar;D:\Software\selenium-java-4.26.0\jspecify-1.0.0.jar;D:\Software\selenium-java-4.26.0\jspecify-1.0.0-sources.jar;D:\Software\selenium-java-4.26.0\jsr305-3.0.2.jar;D:\Software\selenium-java-4.26.0\jsr305-3.0.2-sources.jar;D:\Software\selenium-java-4.26.0\listenablefuture-9999.0-empty-to-avoid-conflict-with-guava.jar;D:\Software\selenium-java-4.26.0\opentelemetry-api-1.43.0.jar;D:\Software\selenium-java-4.26.0\opentelemetry-api-1.43.0-sources.jar;D:\Software\selenium-java-4.26.0\opentelemetry-ap
Launcher Type: SUN_STANDARD

[Global flags]
     intx CICompilerCount                          = 4                                         {product} {ergonomic}
     uint ConcGCThreads                            = 3                                         {product} {ergonomic}
     uint G1ConcRefinementThreads                  = 10                                        {product} {ergonomic}
   size_t G1HeapRegionSize                         = 2097152                                   {product} {ergonomic}
    uintx GCDrainStackTargetSize                   = 64                                        {product} {ergonomic}
   size_t InitialHeapSize                          = 264241152                                 {product} {ergonomic}
   size_t MarkStackSize                            = 4194304                                   {product} {ergonomic}
   size_t MaxHeapSize                              = 4208984064                                {product} {ergonomic}
   size_t MaxNewSize                               = 2524971008                                {product} {ergonomic}
   size_t MinHeapDeltaBytes                        = 2097152                                   {product} {ergonomic}
   size_t MinHeapSize                              = 8388608                                   {product} {ergonomic}
    uintx NonNMethodCodeHeapSize                   = 5839372                                {pd product} {ergonomic}
    uintx NonProfiledCodeHeapSize                  = 122909434                              {pd product} {ergonomic}
    uintx ProfiledCodeHeapSize                     = 122909434                              {pd product} {ergonomic}
    uintx ReservedCodeCacheSize                    = 251658240                              {pd product} {ergonomic}
     bool SegmentedCodeCache                       = true                                      {product} {ergonomic}
     bool ShowCodeDetailsInExceptionMessages       = true                                   {manageable} {command line}
   size_t SoftMaxHeapSize                          = 4208984064                             {manageable} {ergonomic}
     bool UseCompressedClassPointers               = true                           {product lp64_product} {ergonomic}
     bool UseCompressedOops                        = true                           {product lp64_product} {ergonomic}
     bool UseG1GC                                  = true                                      {product} {ergonomic}
     bool UseLargePagesIndividualAllocation        = false                                  {pd product} {ergonomic}

Logging:
Log output configuration:
 #0: stdout all=warning uptime,level,tags
 #1: stderr all=off uptime,level,tags

Environment Variables:
JAVA_HOME=C:\Program Files\Java\jdk-17
PATH=D:/Software/eclipse-java-2024-03-R-win32-x86_64/eclipse//plugins/org.eclipse.justj.openjdk.hotspot.jre.full.win32.x86_64_17.0.10.v20240120-1143/jre/bin/server;D:/Software/eclipse-java-2024-03-R-win32-x86_64/eclipse//plugins/org.eclipse.justj.openjdk.hotspot.jre.full.win32.x86_64_17.0.10.v20240120-1143/jre/bin;C:\Program Files\Common Files\Oracle\Java\javapath;C:\Program Files (x86)\Common Files\Oracle\Java\javapath;C:\windows\system32;C:\windows;C:\windows\System32\Wbem;C:\windows\System32\WindowsPowerShell\v1.0\;C:\windows\System32\OpenSSH\;C:\Program Files\nodejs\;D:\Software\apache-maven-3.9.6-bin\apache-maven-3.9.6\bin;C:\Program Files\Git\cmd;C:\Users\Ragini soneri\AppData\Local\Programs\Microsoft VS Code\bin;C:\Program Files\Java\jdk-17\bin;C:\Program Files\JetBrains\IntelliJ IDEA 2024.3\bin;;;D:\Software\eclipse-java-2024-03-R-win32-x86_64\eclipse;
USERNAME=Ragini soneri
OS=Windows_NT
PROCESSOR_IDENTIFIER=Intel64 Family 6 Model 154 Stepping 4, GenuineIntel



---------------  S Y S T E M  ---------------

OS:
 Windows 11 , 64 bit Build 22621 (10.0.22621.4391)
OS uptime: 5 days 18:01 hours
Hyper-V role detected

CPU: total 12 (initial active 12) (6 cores per cpu, 2 threads per core) family 6 model 154 stepping 4 microcode 0x42c, cx8, cmov, fxsr, ht, mmx, 3dnowpref, sse, sse2, sse3, ssse3, sse4.1, sse4.2, popcnt, lzcnt, tsc, tscinvbit, avx, avx2, aes, erms, clmul, bmi1, bmi2, adx, sha, fma, vzeroupper, clflush, clflushopt, clwb, hv

Memory: 4k page, system-wide physical 16052M (611M free)
TotalPageFile size 30742M (AvailPageFile size 6M)
current process WorkingSet (physical memory assigned to process): 124M, peak: 124M
current process commit charge ("private bytes"): 394M, peak: 396M

vm_info: Java HotSpot(TM) 64-Bit Server VM (17.0.12+8-LTS-286) for windows-amd64 JRE (17.0.12+8-LTS-286), built on Jun  5 2024 06:46:59 by "mach5one" with MS VC++ 17.6 (VS2022)

END.
