#
# There is insufficient memory for the Java Runtime Environment to continue.
# Native memory allocation (mmap) failed to map 65536 bytes for Failed to commit metaspace.
# Possible reasons:
#   The system is out of physical RAM or swap space
#   The process is running with CompressedOops enabled, and the Java Heap may be blocking the growth of the native heap
# Possible solutions:
#   Reduce memory load on the system
#   Increase physical memory or swap space
#   Check if swap backing store is full
#   Decrease Java heap size (-Xmx/-Xms)
#   Decrease number of Java threads
#   Decrease Java thread stack sizes (-Xss)
#   Set larger code cache with -XX:ReservedCodeCacheSize=
#   JVM is running with Zero Based Compressed Oops mode in which the Java heap is
#     placed in the first 32GB address space. The Java Heap base address is the
#     maximum limit for the native heap growth. Please use -XX:HeapBaseMinAddress
#     to set the Java Heap base and to place the Java Heap above 32GB virtual address.
# This output file may be truncated or incomplete.
#
#  Out of Memory Error (virtualSpaceNode.cpp:110), pid=15880, tid=20132
#
# JRE version: Java(TM) SE Runtime Environment (17.0.12+8) (build 17.0.12+8-LTS-286)
# Java VM: Java HotSpot(TM) 64-Bit Server VM (17.0.12+8-LTS-286, mixed mode, tiered, compressed oops, compressed class ptrs, g1 gc, windows-amd64)
# No core dump will be written. Minidumps are not enabled by default on client versions of Windows
#

---------------  S U M M A R Y ------------

Command Line: -ea -Dfile.encoding=UTF-8 -Dstdout.encoding=UTF-8 -Dstderr.encoding=UTF-8 -XX:+ShowCodeDetailsInExceptionMessages org.testng.remote.RemoteTestNG -serport 50908 -protocol json -d D:\BDD_Workspace\BDDFramework\test-output D:\BDD_Workspace\BDDFramework\testng.xml

Host: 12th Gen Intel(R) Core(TM) i5-1235U, 12 cores, 15G,  Windows 11 , 64 bit Build 22621 (10.0.22621.4391)
Time: Wed Nov 27 17:06:22 2024 India Standard Time elapsed time: 0.207284 seconds (0d 0h 0m 0s)

---------------  T H R E A D  ---------------

Current thread (0x000002184449c8a0):  JavaThread "main" [_thread_in_vm, id=20132, stack(0x00000026a5300000,0x00000026a5400000)]

Stack: [0x00000026a5300000,0x00000026a5400000]
Native frames: (J=compiled Java code, j=interpreted, Vv=VM code, C=native code)
V  [jvm.dll+0x67a04a]
V  [jvm.dll+0x7da4ed]
V  [jvm.dll+0x7dbe33]
V  [jvm.dll+0x7dc4a3]
V  [jvm.dll+0x24508f]
V  [jvm.dll+0x7d60bb]
V  [jvm.dll+0x6206c6]
V  [jvm.dll+0x62072a]
V  [jvm.dll+0x622f4d]
V  [jvm.dll+0x621086]
V  [jvm.dll+0x23a821]
V  [jvm.dll+0x1e8e87]
V  [jvm.dll+0x1dea41]
V  [jvm.dll+0x53f78c]
V  [jvm.dll+0x1ef3ca]
V  [jvm.dll+0x7547ad]
V  [jvm.dll+0x755bc6]
V  [jvm.dll+0x755ef8]
V  [jvm.dll+0x23d13b]
V  [jvm.dll+0x23d38f]
V  [jvm.dll+0x55dc68]
V  [jvm.dll+0x560b4e]
V  [jvm.dll+0x380f73]
V  [jvm.dll+0x3805df]
C  0x000002185328a4ca

Java frames: (J=compiled Java code, j=interpreted, Vv=VM code)
j  java.lang.invoke.MethodType.makeImpl(Ljava/lang/Class;[Ljava/lang/Class;Z)Ljava/lang/invoke/MethodType;+91 java.base@17.0.12
j  java.lang.invoke.MethodHandleNatives.findMethodHandleType(Ljava/lang/Class;[Ljava/lang/Class;)Ljava/lang/invoke/MethodType;+3 java.base@17.0.12
v  ~StubRoutines::call_stub
j  java.util.ResourceBundle.getLoader(Ljava/lang/Module;)Ljava/lang/ClassLoader;+6 java.base@17.0.12
j  java.util.ResourceBundle.getBundleImpl(Ljava/lang/String;Ljava/util/Locale;Ljava/lang/Class;Ljava/lang/ClassLoader;Ljava/util/ResourceBundle$Control;)Ljava/util/ResourceBundle;+31 java.base@17.0.12
j  java.util.ResourceBundle.getBundleImpl(Ljava/lang/String;Ljava/util/Locale;Ljava/lang/Class;Ljava/util/ResourceBundle$Control;)Ljava/util/ResourceBundle;+8 java.base@17.0.12
j  java.util.ResourceBundle.getBundle(Ljava/lang/String;)Ljava/util/ResourceBundle;+14 java.base@17.0.12
j  sun.launcher.LauncherHelper$ResourceBundleHolder.<clinit>()V+2 java.base@17.0.12
v  ~StubRoutines::call_stub
j  sun.launcher.LauncherHelper.getLocalizedMessage(Ljava/lang/String;[Ljava/lang/Object;)Ljava/lang/String;+0 java.base@17.0.12
j  sun.launcher.LauncherHelper.abort(Ljava/lang/Throwable;Ljava/lang/String;[Ljava/lang/Object;)V+9 java.base@17.0.12
j  sun.launcher.LauncherHelper.validateMainClass(Ljava/lang/Class;)V+142 java.base@17.0.12
j  sun.launcher.LauncherHelper.checkAndLoadMain(ZILjava/lang/String;)Ljava/lang/Class;+80 java.base@17.0.12
v  ~StubRoutines::call_stub

---------------  P R O C E S S  ---------------

Threads class SMR info:
_java_thread_list=0x00000218042122d0, length=12, elements={
0x000002184449c8a0, 0x0000021804086260, 0x0000021804035620, 0x0000021804057e80,
0x0000021804058950, 0x0000021804059410, 0x0000021804059dd0, 0x00000218040aded0,
0x00000218040ae7e0, 0x00000218040b1100, 0x0000021804232e70, 0x00000218042525d0
}

Java Threads: ( => current thread )
=>0x000002184449c8a0 JavaThread "main" [_thread_in_vm, id=20132, stack(0x00000026a5300000,0x00000026a5400000)]
  0x0000021804086260 JavaThread "Reference Handler" daemon [_thread_blocked, id=37040, stack(0x00000026a5a00000,0x00000026a5b00000)]
  0x0000021804035620 JavaThread "Finalizer" daemon [_thread_blocked, id=31556, stack(0x00000026a5b00000,0x00000026a5c00000)]
  0x0000021804057e80 JavaThread "Signal Dispatcher" daemon [_thread_blocked, id=39032, stack(0x00000026a5c00000,0x00000026a5d00000)]
  0x0000021804058950 JavaThread "Attach Listener" daemon [_thread_blocked, id=5640, stack(0x00000026a5d00000,0x00000026a5e00000)]
  0x0000021804059410 JavaThread "Service Thread" daemon [_thread_blocked, id=17856, stack(0x00000026a5e00000,0x00000026a5f00000)]
  0x0000021804059dd0 JavaThread "Monitor Deflation Thread" daemon [_thread_blocked, id=2188, stack(0x00000026a5f00000,0x00000026a6000000)]
  0x00000218040aded0 JavaThread "C2 CompilerThread0" daemon [_thread_blocked, id=31764, stack(0x00000026a6000000,0x00000026a6100000)]
  0x00000218040ae7e0 JavaThread "C1 CompilerThread0" daemon [_thread_blocked, id=24036, stack(0x00000026a6100000,0x00000026a6200000)]
  0x00000218040b1100 JavaThread "Sweeper thread" daemon [_thread_blocked, id=40296, stack(0x00000026a6200000,0x00000026a6300000)]
  0x0000021804232e70 JavaThread "Notification Thread" daemon [_thread_blocked, id=40632, stack(0x00000026a6300000,0x00000026a6400000)]
  0x00000218042525d0 JavaThread "Common-Cleaner" daemon [_thread_blocked, id=10124, stack(0x00000026a6500000,0x00000026a6600000)]

Other Threads:
  0x00000218040718c0 VMThread "VM Thread" [stack: 0x00000026a5900000,0x00000026a5a00000] [id=30760]
  0x0000021804236370 WatcherThread [stack: 0x00000026a6400000,0x00000026a6500000] [id=31120]
  0x0000021844509c30 GCTaskThread "GC Thread#0" [stack: 0x00000026a5400000,0x00000026a5500000] [id=40540]
  0x000002184451a650 ConcurrentGCThread "G1 Main Marker" [stack: 0x00000026a5500000,0x00000026a5600000] [id=12640]
  0x000002184451c070 ConcurrentGCThread "G1 Conc#0" [stack: 0x00000026a5600000,0x00000026a5700000] [id=34332]
  0x000002184454ec30 ConcurrentGCThread "G1 Refine#0" [stack: 0x00000026a5700000,0x00000026a5800000] [id=35896]
  0x0000021867330d80 ConcurrentGCThread "G1 Service" [stack: 0x00000026a5800000,0x00000026a5900000] [id=31264]

Threads with active compile tasks:

VM state: not at safepoint (normal execution)

VM Mutex/Monitor currently owned by a thread:  ([mutex/lock_event])
[0x00000218444998f0] Metaspace_lock - owner thread: 0x000002184449c8a0

OutOfMemory and StackOverflow Exception counts:
OutOfMemoryError java_heap_errors=1

Heap address: 0x0000000705200000, size: 4014 MB, Compressed Oops mode: Zero based, Oop shift amount: 3

CDS archive(s) not mapped
Compressed class space mapped at: 0x0000000800000000-0x0000000840000000, reserved size: 1073741824
Narrow klass base: 0x0000000800000000, Narrow klass shift: 0, Narrow klass range: 0x40000000

GC Precious Log:
 CPUs: 12 total, 12 available
 Memory: 16052M
 Large Page Support: Disabled
 NUMA Support: Disabled
 Compressed Oops: Enabled (Zero based)
 Heap Region Size: 2M
 Heap Min Capacity: 8M
 Heap Initial Capacity: 252M
 Heap Max Capacity: 4014M
 Pre-touch: Disabled
 Parallel Workers: 10
 Concurrent Workers: 3
 Concurrent Refinement Workers: 10
 Periodic GC: Disabled

Heap:
 garbage-first heap   total 258048K, used 2048K [0x0000000705200000, 0x0000000800000000)
  region size 2048K, 2 young (4096K), 0 survivors (0K)
 Metaspace       used 4828K, committed 4992K, reserved 1114112K
  class space    used 403K, committed 512K, reserved 1048576K

Heap Regions: E=young(eden), S=young(survivor), O=old, HS=humongous(starts), HC=humongous(continues), CS=collection set, F=free, OA=open archive, CA=closed archive, TAMS=top-at-mark-start (previous, next)
|   0|0x0000000705200000, 0x0000000705200000, 0x0000000705400000|  0%| F|  |TAMS 0x0000000705200000, 0x0000000705200000| Untracked 
|   1|0x0000000705400000, 0x0000000705400000, 0x0000000705600000|  0%| F|  |TAMS 0x0000000705400000, 0x0000000705400000| Untracked 
|   2|0x0000000705600000, 0x0000000705600000, 0x0000000705800000|  0%| F|  |TAMS 0x0000000705600000, 0x0000000705600000| Untracked 
|   3|0x0000000705800000, 0x0000000705800000, 0x0000000705a00000|  0%| F|  |TAMS 0x0000000705800000, 0x0000000705800000| Untracked 
|   4|0x0000000705a00000, 0x0000000705a00000, 0x0000000705c00000|  0%| F|  |TAMS 0x0000000705a00000, 0x0000000705a00000| Untracked 
|   5|0x0000000705c00000, 0x0000000705c00000, 0x0000000705e00000|  0%| F|  |TAMS 0x0000000705c00000, 0x0000000705c00000| Untracked 
|   6|0x0000000705e00000, 0x0000000705e00000, 0x0000000706000000|  0%| F|  |TAMS 0x0000000705e00000, 0x0000000705e00000| Untracked 
|   7|0x0000000706000000, 0x0000000706000000, 0x0000000706200000|  0%| F|  |TAMS 0x0000000706000000, 0x0000000706000000| Untracked 
|   8|0x0000000706200000, 0x0000000706200000, 0x0000000706400000|  0%| F|  |TAMS 0x0000000706200000, 0x0000000706200000| Untracked 
|   9|0x0000000706400000, 0x0000000706400000, 0x0000000706600000|  0%| F|  |TAMS 0x0000000706400000, 0x0000000706400000| Untracked 
|  10|0x0000000706600000, 0x0000000706600000, 0x0000000706800000|  0%| F|  |TAMS 0x0000000706600000, 0x0000000706600000| Untracked 
|  11|0x0000000706800000, 0x0000000706800000, 0x0000000706a00000|  0%| F|  |TAMS 0x0000000706800000, 0x0000000706800000| Untracked 
|  12|0x0000000706a00000, 0x0000000706a00000, 0x0000000706c00000|  0%| F|  |TAMS 0x0000000706a00000, 0x0000000706a00000| Untracked 
|  13|0x0000000706c00000, 0x0000000706c00000, 0x0000000706e00000|  0%| F|  |TAMS 0x0000000706c00000, 0x0000000706c00000| Untracked 
|  14|0x0000000706e00000, 0x0000000706e00000, 0x0000000707000000|  0%| F|  |TAMS 0x0000000706e00000, 0x0000000706e00000| Untracked 
|  15|0x0000000707000000, 0x0000000707000000, 0x0000000707200000|  0%| F|  |TAMS 0x0000000707000000, 0x0000000707000000| Untracked 
|  16|0x0000000707200000, 0x0000000707200000, 0x0000000707400000|  0%| F|  |TAMS 0x0000000707200000, 0x0000000707200000| Untracked 
|  17|0x0000000707400000, 0x0000000707400000, 0x0000000707600000|  0%| F|  |TAMS 0x0000000707400000, 0x0000000707400000| Untracked 
|  18|0x0000000707600000, 0x0000000707600000, 0x0000000707800000|  0%| F|  |TAMS 0x0000000707600000, 0x0000000707600000| Untracked 
|  19|0x0000000707800000, 0x0000000707800000, 0x0000000707a00000|  0%| F|  |TAMS 0x0000000707800000, 0x0000000707800000| Untracked 
|  20|0x0000000707a00000, 0x0000000707a00000, 0x0000000707c00000|  0%| F|  |TAMS 0x0000000707a00000, 0x0000000707a00000| Untracked 
|  21|0x0000000707c00000, 0x0000000707c00000, 0x0000000707e00000|  0%| F|  |TAMS 0x0000000707c00000, 0x0000000707c00000| Untracked 
|  22|0x0000000707e00000, 0x0000000707e00000, 0x0000000708000000|  0%| F|  |TAMS 0x0000000707e00000, 0x0000000707e00000| Untracked 
|  23|0x0000000708000000, 0x0000000708000000, 0x0000000708200000|  0%| F|  |TAMS 0x0000000708000000, 0x0000000708000000| Untracked 
|  24|0x0000000708200000, 0x0000000708200000, 0x0000000708400000|  0%| F|  |TAMS 0x0000000708200000, 0x0000000708200000| Untracked 
|  25|0x0000000708400000, 0x0000000708400000, 0x0000000708600000|  0%| F|  |TAMS 0x0000000708400000, 0x0000000708400000| Untracked 
|  26|0x0000000708600000, 0x0000000708600000, 0x0000000708800000|  0%| F|  |TAMS 0x0000000708600000, 0x0000000708600000| Untracked 
|  27|0x0000000708800000, 0x0000000708800000, 0x0000000708a00000|  0%| F|  |TAMS 0x0000000708800000, 0x0000000708800000| Untracked 
|  28|0x0000000708a00000, 0x0000000708a00000, 0x0000000708c00000|  0%| F|  |TAMS 0x0000000708a00000, 0x0000000708a00000| Untracked 
|  29|0x0000000708c00000, 0x0000000708c00000, 0x0000000708e00000|  0%| F|  |TAMS 0x0000000708c00000, 0x0000000708c00000| Untracked 
|  30|0x0000000708e00000, 0x0000000708e00000, 0x0000000709000000|  0%| F|  |TAMS 0x0000000708e00000, 0x0000000708e00000| Untracked 
|  31|0x0000000709000000, 0x0000000709000000, 0x0000000709200000|  0%| F|  |TAMS 0x0000000709000000, 0x0000000709000000| Untracked 
|  32|0x0000000709200000, 0x0000000709200000, 0x0000000709400000|  0%| F|  |TAMS 0x0000000709200000, 0x0000000709200000| Untracked 
|  33|0x0000000709400000, 0x0000000709400000, 0x0000000709600000|  0%| F|  |TAMS 0x0000000709400000, 0x0000000709400000| Untracked 
|  34|0x0000000709600000, 0x0000000709600000, 0x0000000709800000|  0%| F|  |TAMS 0x0000000709600000, 0x0000000709600000| Untracked 
|  35|0x0000000709800000, 0x0000000709800000, 0x0000000709a00000|  0%| F|  |TAMS 0x0000000709800000, 0x0000000709800000| Untracked 
|  36|0x0000000709a00000, 0x0000000709a00000, 0x0000000709c00000|  0%| F|  |TAMS 0x0000000709a00000, 0x0000000709a00000| Untracked 
|  37|0x0000000709c00000, 0x0000000709c00000, 0x0000000709e00000|  0%| F|  |TAMS 0x0000000709c00000, 0x0000000709c00000| Untracked 
|  38|0x0000000709e00000, 0x0000000709e00000, 0x000000070a000000|  0%| F|  |TAMS 0x0000000709e00000, 0x0000000709e00000| Untracked 
|  39|0x000000070a000000, 0x000000070a000000, 0x000000070a200000|  0%| F|  |TAMS 0x000000070a000000, 0x000000070a000000| Untracked 
|  40|0x000000070a200000, 0x000000070a200000, 0x000000070a400000|  0%| F|  |TAMS 0x000000070a200000, 0x000000070a200000| Untracked 
|  41|0x000000070a400000, 0x000000070a400000, 0x000000070a600000|  0%| F|  |TAMS 0x000000070a400000, 0x000000070a400000| Untracked 
|  42|0x000000070a600000, 0x000000070a600000, 0x000000070a800000|  0%| F|  |TAMS 0x000000070a600000, 0x000000070a600000| Untracked 
|  43|0x000000070a800000, 0x000000070a800000, 0x000000070aa00000|  0%| F|  |TAMS 0x000000070a800000, 0x000000070a800000| Untracked 
|  44|0x000000070aa00000, 0x000000070aa00000, 0x000000070ac00000|  0%| F|  |TAMS 0x000000070aa00000, 0x000000070aa00000| Untracked 
|  45|0x000000070ac00000, 0x000000070ac00000, 0x000000070ae00000|  0%| F|  |TAMS 0x000000070ac00000, 0x000000070ac00000| Untracked 
|  46|0x000000070ae00000, 0x000000070ae00000, 0x000000070b000000|  0%| F|  |TAMS 0x000000070ae00000, 0x000000070ae00000| Untracked 
|  47|0x000000070b000000, 0x000000070b000000, 0x000000070b200000|  0%| F|  |TAMS 0x000000070b000000, 0x000000070b000000| Untracked 
|  48|0x000000070b200000, 0x000000070b200000, 0x000000070b400000|  0%| F|  |TAMS 0x000000070b200000, 0x000000070b200000| Untracked 
|  49|0x000000070b400000, 0x000000070b400000, 0x000000070b600000|  0%| F|  |TAMS 0x000000070b400000, 0x000000070b400000| Untracked 
|  50|0x000000070b600000, 0x000000070b600000, 0x000000070b800000|  0%| F|  |TAMS 0x000000070b600000, 0x000000070b600000| Untracked 
|  51|0x000000070b800000, 0x000000070b800000, 0x000000070ba00000|  0%| F|  |TAMS 0x000000070b800000, 0x000000070b800000| Untracked 
|  52|0x000000070ba00000, 0x000000070ba00000, 0x000000070bc00000|  0%| F|  |TAMS 0x000000070ba00000, 0x000000070ba00000| Untracked 
|  53|0x000000070bc00000, 0x000000070bc00000, 0x000000070be00000|  0%| F|  |TAMS 0x000000070bc00000, 0x000000070bc00000| Untracked 
|  54|0x000000070be00000, 0x000000070be00000, 0x000000070c000000|  0%| F|  |TAMS 0x000000070be00000, 0x000000070be00000| Untracked 
|  55|0x000000070c000000, 0x000000070c000000, 0x000000070c200000|  0%| F|  |TAMS 0x000000070c000000, 0x000000070c000000| Untracked 
|  56|0x000000070c200000, 0x000000070c200000, 0x000000070c400000|  0%| F|  |TAMS 0x000000070c200000, 0x000000070c200000| Untracked 
|  57|0x000000070c400000, 0x000000070c400000, 0x000000070c600000|  0%| F|  |TAMS 0x000000070c400000, 0x000000070c400000| Untracked 
|  58|0x000000070c600000, 0x000000070c600000, 0x000000070c800000|  0%| F|  |TAMS 0x000000070c600000, 0x000000070c600000| Untracked 
|  59|0x000000070c800000, 0x000000070c800000, 0x000000070ca00000|  0%| F|  |TAMS 0x000000070c800000, 0x000000070c800000| Untracked 
|  60|0x000000070ca00000, 0x000000070ca00000, 0x000000070cc00000|  0%| F|  |TAMS 0x000000070ca00000, 0x000000070ca00000| Untracked 
|  61|0x000000070cc00000, 0x000000070cc00000, 0x000000070ce00000|  0%| F|  |TAMS 0x000000070cc00000, 0x000000070cc00000| Untracked 
|  62|0x000000070ce00000, 0x000000070ce00000, 0x000000070d000000|  0%| F|  |TAMS 0x000000070ce00000, 0x000000070ce00000| Untracked 
|  63|0x000000070d000000, 0x000000070d000000, 0x000000070d200000|  0%| F|  |TAMS 0x000000070d000000, 0x000000070d000000| Untracked 
|  64|0x000000070d200000, 0x000000070d200000, 0x000000070d400000|  0%| F|  |TAMS 0x000000070d200000, 0x000000070d200000| Untracked 
|  65|0x000000070d400000, 0x000000070d400000, 0x000000070d600000|  0%| F|  |TAMS 0x000000070d400000, 0x000000070d400000| Untracked 
|  66|0x000000070d600000, 0x000000070d600000, 0x000000070d800000|  0%| F|  |TAMS 0x000000070d600000, 0x000000070d600000| Untracked 
|  67|0x000000070d800000, 0x000000070d800000, 0x000000070da00000|  0%| F|  |TAMS 0x000000070d800000, 0x000000070d800000| Untracked 
|  68|0x000000070da00000, 0x000000070da00000, 0x000000070dc00000|  0%| F|  |TAMS 0x000000070da00000, 0x000000070da00000| Untracked 
|  69|0x000000070dc00000, 0x000000070dc00000, 0x000000070de00000|  0%| F|  |TAMS 0x000000070dc00000, 0x000000070dc00000| Untracked 
|  70|0x000000070de00000, 0x000000070de00000, 0x000000070e000000|  0%| F|  |TAMS 0x000000070de00000, 0x000000070de00000| Untracked 
|  71|0x000000070e000000, 0x000000070e000000, 0x000000070e200000|  0%| F|  |TAMS 0x000000070e000000, 0x000000070e000000| Untracked 
|  72|0x000000070e200000, 0x000000070e200000, 0x000000070e400000|  0%| F|  |TAMS 0x000000070e200000, 0x000000070e200000| Untracked 
|  73|0x000000070e400000, 0x000000070e400000, 0x000000070e600000|  0%| F|  |TAMS 0x000000070e400000, 0x000000070e400000| Untracked 
|  74|0x000000070e600000, 0x000000070e600000, 0x000000070e800000|  0%| F|  |TAMS 0x000000070e600000, 0x000000070e600000| Untracked 
|  75|0x000000070e800000, 0x000000070e800000, 0x000000070ea00000|  0%| F|  |TAMS 0x000000070e800000, 0x000000070e800000| Untracked 
|  76|0x000000070ea00000, 0x000000070ea00000, 0x000000070ec00000|  0%| F|  |TAMS 0x000000070ea00000, 0x000000070ea00000| Untracked 
|  77|0x000000070ec00000, 0x000000070ec00000, 0x000000070ee00000|  0%| F|  |TAMS 0x000000070ec00000, 0x000000070ec00000| Untracked 
|  78|0x000000070ee00000, 0x000000070ee00000, 0x000000070f000000|  0%| F|  |TAMS 0x000000070ee00000, 0x000000070ee00000| Untracked 
|  79|0x000000070f000000, 0x000000070f000000, 0x000000070f200000|  0%| F|  |TAMS 0x000000070f000000, 0x000000070f000000| Untracked 
|  80|0x000000070f200000, 0x000000070f200000, 0x000000070f400000|  0%| F|  |TAMS 0x000000070f200000, 0x000000070f200000| Untracked 
|  81|0x000000070f400000, 0x000000070f400000, 0x000000070f600000|  0%| F|  |TAMS 0x000000070f400000, 0x000000070f400000| Untracked 
|  82|0x000000070f600000, 0x000000070f600000, 0x000000070f800000|  0%| F|  |TAMS 0x000000070f600000, 0x000000070f600000| Untracked 
|  83|0x000000070f800000, 0x000000070f800000, 0x000000070fa00000|  0%| F|  |TAMS 0x000000070f800000, 0x000000070f800000| Untracked 
|  84|0x000000070fa00000, 0x000000070fa00000, 0x000000070fc00000|  0%| F|  |TAMS 0x000000070fa00000, 0x000000070fa00000| Untracked 
|  85|0x000000070fc00000, 0x000000070fc00000, 0x000000070fe00000|  0%| F|  |TAMS 0x000000070fc00000, 0x000000070fc00000| Untracked 
|  86|0x000000070fe00000, 0x000000070fe00000, 0x0000000710000000|  0%| F|  |TAMS 0x000000070fe00000, 0x000000070fe00000| Untracked 
|  87|0x0000000710000000, 0x0000000710000000, 0x0000000710200000|  0%| F|  |TAMS 0x0000000710000000, 0x0000000710000000| Untracked 
|  88|0x0000000710200000, 0x0000000710200000, 0x0000000710400000|  0%| F|  |TAMS 0x0000000710200000, 0x0000000710200000| Untracked 
|  89|0x0000000710400000, 0x0000000710400000, 0x0000000710600000|  0%| F|  |TAMS 0x0000000710400000, 0x0000000710400000| Untracked 
|  90|0x0000000710600000, 0x0000000710600000, 0x0000000710800000|  0%| F|  |TAMS 0x0000000710600000, 0x0000000710600000| Untracked 
|  91|0x0000000710800000, 0x0000000710800000, 0x0000000710a00000|  0%| F|  |TAMS 0x0000000710800000, 0x0000000710800000| Untracked 
|  92|0x0000000710a00000, 0x0000000710a00000, 0x0000000710c00000|  0%| F|  |TAMS 0x0000000710a00000, 0x0000000710a00000| Untracked 
|  93|0x0000000710c00000, 0x0000000710c00000, 0x0000000710e00000|  0%| F|  |TAMS 0x0000000710c00000, 0x0000000710c00000| Untracked 
|  94|0x0000000710e00000, 0x0000000710e00000, 0x0000000711000000|  0%| F|  |TAMS 0x0000000710e00000, 0x0000000710e00000| Untracked 
|  95|0x0000000711000000, 0x0000000711000000, 0x0000000711200000|  0%| F|  |TAMS 0x0000000711000000, 0x0000000711000000| Untracked 
|  96|0x0000000711200000, 0x0000000711200000, 0x0000000711400000|  0%| F|  |TAMS 0x0000000711200000, 0x0000000711200000| Untracked 
|  97|0x0000000711400000, 0x0000000711400000, 0x0000000711600000|  0%| F|  |TAMS 0x0000000711400000, 0x0000000711400000| Untracked 
|  98|0x0000000711600000, 0x0000000711600000, 0x0000000711800000|  0%| F|  |TAMS 0x0000000711600000, 0x0000000711600000| Untracked 
|  99|0x0000000711800000, 0x0000000711800000, 0x0000000711a00000|  0%| F|  |TAMS 0x0000000711800000, 0x0000000711800000| Untracked 
| 100|0x0000000711a00000, 0x0000000711a00000, 0x0000000711c00000|  0%| F|  |TAMS 0x0000000711a00000, 0x0000000711a00000| Untracked 
| 101|0x0000000711c00000, 0x0000000711c00000, 0x0000000711e00000|  0%| F|  |TAMS 0x0000000711c00000, 0x0000000711c00000| Untracked 
| 102|0x0000000711e00000, 0x0000000711e00000, 0x0000000712000000|  0%| F|  |TAMS 0x0000000711e00000, 0x0000000711e00000| Untracked 
| 103|0x0000000712000000, 0x0000000712000000, 0x0000000712200000|  0%| F|  |TAMS 0x0000000712000000, 0x0000000712000000| Untracked 
| 104|0x0000000712200000, 0x0000000712200000, 0x0000000712400000|  0%| F|  |TAMS 0x0000000712200000, 0x0000000712200000| Untracked 
| 105|0x0000000712400000, 0x0000000712400000, 0x0000000712600000|  0%| F|  |TAMS 0x0000000712400000, 0x0000000712400000| Untracked 
| 106|0x0000000712600000, 0x0000000712600000, 0x0000000712800000|  0%| F|  |TAMS 0x0000000712600000, 0x0000000712600000| Untracked 
| 107|0x0000000712800000, 0x0000000712800000, 0x0000000712a00000|  0%| F|  |TAMS 0x0000000712800000, 0x0000000712800000| Untracked 
| 108|0x0000000712a00000, 0x0000000712a00000, 0x0000000712c00000|  0%| F|  |TAMS 0x0000000712a00000, 0x0000000712a00000| Untracked 
| 109|0x0000000712c00000, 0x0000000712c00000, 0x0000000712e00000|  0%| F|  |TAMS 0x0000000712c00000, 0x0000000712c00000| Untracked 
| 110|0x0000000712e00000, 0x0000000712e00000, 0x0000000713000000|  0%| F|  |TAMS 0x0000000712e00000, 0x0000000712e00000| Untracked 
| 111|0x0000000713000000, 0x0000000713000000, 0x0000000713200000|  0%| F|  |TAMS 0x0000000713000000, 0x0000000713000000| Untracked 
| 112|0x0000000713200000, 0x0000000713200000, 0x0000000713400000|  0%| F|  |TAMS 0x0000000713200000, 0x0000000713200000| Untracked 
| 113|0x0000000713400000, 0x0000000713400000, 0x0000000713600000|  0%| F|  |TAMS 0x0000000713400000, 0x0000000713400000| Untracked 
| 114|0x0000000713600000, 0x0000000713600000, 0x0000000713800000|  0%| F|  |TAMS 0x0000000713600000, 0x0000000713600000| Untracked 
| 115|0x0000000713800000, 0x0000000713800000, 0x0000000713a00000|  0%| F|  |TAMS 0x0000000713800000, 0x0000000713800000| Untracked 
| 116|0x0000000713a00000, 0x0000000713a00000, 0x0000000713c00000|  0%| F|  |TAMS 0x0000000713a00000, 0x0000000713a00000| Untracked 
| 117|0x0000000713c00000, 0x0000000713c00000, 0x0000000713e00000|  0%| F|  |TAMS 0x0000000713c00000, 0x0000000713c00000| Untracked 
| 118|0x0000000713e00000, 0x0000000713e00000, 0x0000000714000000|  0%| F|  |TAMS 0x0000000713e00000, 0x0000000713e00000| Untracked 
| 119|0x0000000714000000, 0x0000000714000000, 0x0000000714200000|  0%| F|  |TAMS 0x0000000714000000, 0x0000000714000000| Untracked 
| 120|0x0000000714200000, 0x0000000714200000, 0x0000000714400000|  0%| F|  |TAMS 0x0000000714200000, 0x0000000714200000| Untracked 
| 121|0x0000000714400000, 0x0000000714400000, 0x0000000714600000|  0%| F|  |TAMS 0x0000000714400000, 0x0000000714400000| Untracked 
| 122|0x0000000714600000, 0x0000000714600000, 0x0000000714800000|  0%| F|  |TAMS 0x0000000714600000, 0x0000000714600000| Untracked 
| 123|0x0000000714800000, 0x0000000714800000, 0x0000000714a00000|  0%| F|  |TAMS 0x0000000714800000, 0x0000000714800000| Untracked 
| 124|0x0000000714a00000, 0x0000000714bcc2d0, 0x0000000714c00000| 89%| E|  |TAMS 0x0000000714a00000, 0x0000000714a00000| Complete 
| 125|0x0000000714c00000, 0x0000000714e00000, 0x0000000714e00000|100%| E|CS|TAMS 0x0000000714c00000, 0x0000000714c00000| Complete 

Card table byte_map: [0x000002185ba80000,0x000002185c260000] _byte_map_base: 0x0000021858257000

Marking Bits (Prev, Next): (CMBitMap*) 0x000002184450a250, (CMBitMap*) 0x000002184450a290
 Prev Bits: [0x000002185ca40000, 0x00000218608f8000)
 Next Bits: [0x0000021860900000, 0x00000218647b8000)

Polling page: 0x00000218421e0000

Metaspace:

Usage:
  Non-class:      4.32 MB used.
      Class:    403.15 KB used.
       Both:      4.72 MB used.

Virtual space:
  Non-class space:       64.00 MB reserved,       4.38 MB (  7%) committed,  1 nodes.
      Class space:        1.00 GB reserved,     512.00 KB ( <1%) committed,  1 nodes.
             Both:        1.06 GB reserved,       4.88 MB ( <1%) committed. 

Chunk freelists:
   Non-Class:  10.99 MB
       Class:  15.56 MB
        Both:  26.55 MB

MaxMetaspaceSize: unlimited
CompressedClassSpaceSize: 1.00 GB
Initial GC threshold: 21.00 MB
Current GC threshold: 21.00 MB
CDS: off
MetaspaceReclaimPolicy: balanced
 - commit_granule_bytes: 65536.
 - commit_granule_words: 8192.
 - virtual_space_node_default_size: 8388608.
 - enlarge_chunks_in_place: 1.
 - new_chunks_are_fully_committed: 0.
 - uncommit_free_chunks: 1.
 - use_allocation_guard: 0.
 - handle_deallocations: 1.


Internal statistics:

num_allocs_failed_limit: 0.
num_arena_births: 4.
num_arena_deaths: 0.
num_vsnodes_births: 2.
num_vsnodes_deaths: 0.
num_space_committed: 78.
num_space_uncommitted: 0.
num_chunks_returned_to_freelist: 0.
num_chunks_taken_from_freelist: 9.
num_chunk_merges: 0.
num_chunk_splits: 5.
num_chunks_enlarged: 1.
num_inconsistent_stats: 0.

CodeHeap 'non-profiled nmethods': size=120000Kb used=35Kb max_used=35Kb free=119964Kb
 bounds [0x0000021853810000, 0x0000021853a80000, 0x000002185ad40000]
CodeHeap 'profiled nmethods': size=120000Kb used=245Kb max_used=245Kb free=119754Kb
 bounds [0x000002184bd40000, 0x000002184bfb0000, 0x0000021853270000]
CodeHeap 'non-nmethods': size=5760Kb used=1058Kb max_used=1072Kb free=4701Kb
 bounds [0x0000021853270000, 0x00000218534e0000, 0x0000021853810000]
 total_blobs=487 nmethods=167 adapters=233
 compilation: enabled
              stopped_count=0, restarted_count=0
 full_count=0

Compilation events (20 events):
Event: 0.196 Thread 0x00000218040ae7e0  158       3       java.util.AbstractSet::<init> (5 bytes)
Event: 0.196 Thread 0x00000218040ae7e0 nmethod 158 0x000002184bd7a190 code [0x000002184bd7a340, 0x000002184bd7a4f8]
Event: 0.197 Thread 0x00000218040ae7e0  160       3       java.util.Objects::requireNonNull (15 bytes)
Event: 0.197 Thread 0x00000218040ae7e0 nmethod 160 0x000002184bd7a610 code [0x000002184bd7a7c0, 0x000002184bd7a9a8]
Event: 0.198 Thread 0x00000218040ae7e0  161       3       java.lang.String::substring (58 bytes)
Event: 0.198 Thread 0x00000218040ae7e0 nmethod 161 0x000002184bd7aa90 code [0x000002184bd7ac80, 0x000002184bd7b128]
Event: 0.198 Thread 0x00000218040ae7e0  162       3       java.io.RandomAccessFile::read (8 bytes)
Event: 0.199 Thread 0x00000218040ae7e0 nmethod 162 0x000002184bd7b310 code [0x000002184bd7b4a0, 0x000002184bd7b5e8]
Event: 0.199 Thread 0x00000218040ae7e0  164       1       java.util.zip.Inflater$InflaterZStreamRef::address (5 bytes)
Event: 0.199 Thread 0x00000218040ae7e0 nmethod 164 0x0000021853816c90 code [0x0000021853816e20, 0x0000021853816ef8]
Event: 0.199 Thread 0x00000218040ae7e0  165       3       java.io.RandomAccessFile::readFully (45 bytes)
Event: 0.200 Thread 0x00000218040ae7e0 nmethod 165 0x000002184bd7b690 code [0x000002184bd7b860, 0x000002184bd7bbd8]
Event: 0.200 Thread 0x00000218040ae7e0  166       3       java.lang.StringLatin1::toLowerCase (186 bytes)
Event: 0.200 Thread 0x00000218040ae7e0 nmethod 166 0x000002184bd7bd90 code [0x000002184bd7c000, 0x000002184bd7cb38]
Event: 0.201 Thread 0x00000218040ae7e0  167       3       java.io.File::<init> (47 bytes)
Event: 0.201 Thread 0x00000218040ae7e0 nmethod 167 0x000002184bd7cf10 code [0x000002184bd7d0e0, 0x000002184bd7d488]
Event: 0.204 Thread 0x00000218040aded0 nmethod 149 0x0000021853816f90 code [0x0000021853817140, 0x00000218538179e8]
Event: 0.204 Thread 0x00000218040aded0  155       4       java.lang.StringLatin1::canEncode (13 bytes)
Event: 0.204 Thread 0x00000218040aded0 nmethod 155 0x0000021853818090 code [0x0000021853818200, 0x0000021853818278]
Event: 0.204 Thread 0x00000218040aded0  150       4       java.util.zip.ZipFile$Source::isMetaName (141 bytes)

GC Heap History (0 events):
No events

Deoptimization events (20 events):
Event: 0.183 Thread 0x000002184449c8a0 DEOPT PACKING pc=0x000002184bd48467 sp=0x00000026a53fad70
Event: 0.183 Thread 0x000002184449c8a0 DEOPT UNPACKING pc=0x00000218532c2b43 sp=0x00000026a53fa190 mode 0
Event: 0.192 Thread 0x000002184449c8a0 DEOPT PACKING pc=0x000002184bd66f8c sp=0x00000026a53fa410
Event: 0.192 Thread 0x000002184449c8a0 DEOPT UNPACKING pc=0x00000218532c2b43 sp=0x00000026a53f98a0 mode 0
Event: 0.192 Thread 0x000002184449c8a0 DEOPT PACKING pc=0x000002184bd66f8c sp=0x00000026a53fa410
Event: 0.192 Thread 0x000002184449c8a0 DEOPT UNPACKING pc=0x00000218532c2b43 sp=0x00000026a53f98a0 mode 0
Event: 0.192 Thread 0x000002184449c8a0 DEOPT PACKING pc=0x000002184bd66f8c sp=0x00000026a53fa410
Event: 0.192 Thread 0x000002184449c8a0 DEOPT UNPACKING pc=0x00000218532c2b43 sp=0x00000026a53f98a0 mode 0
Event: 0.192 Thread 0x000002184449c8a0 DEOPT PACKING pc=0x000002184bd66f8c sp=0x00000026a53fa410
Event: 0.192 Thread 0x000002184449c8a0 DEOPT UNPACKING pc=0x00000218532c2b43 sp=0x00000026a53f98a0 mode 0
Event: 0.192 Thread 0x000002184449c8a0 DEOPT PACKING pc=0x000002184bd66f8c sp=0x00000026a53fa410
Event: 0.192 Thread 0x000002184449c8a0 DEOPT UNPACKING pc=0x00000218532c2b43 sp=0x00000026a53f98a0 mode 0
Event: 0.193 Thread 0x000002184449c8a0 DEOPT PACKING pc=0x000002184bd66f8c sp=0x00000026a53fa410
Event: 0.193 Thread 0x000002184449c8a0 DEOPT UNPACKING pc=0x00000218532c2b43 sp=0x00000026a53f98a0 mode 0
Event: 0.193 Thread 0x000002184449c8a0 DEOPT PACKING pc=0x000002184bd66f8c sp=0x00000026a53fa410
Event: 0.193 Thread 0x000002184449c8a0 DEOPT UNPACKING pc=0x00000218532c2b43 sp=0x00000026a53f98a0 mode 0
Event: 0.193 Thread 0x000002184449c8a0 DEOPT PACKING pc=0x000002184bd66f8c sp=0x00000026a53fa410
Event: 0.193 Thread 0x000002184449c8a0 DEOPT UNPACKING pc=0x00000218532c2b43 sp=0x00000026a53f98a0 mode 0
Event: 0.194 Thread 0x000002184449c8a0 DEOPT PACKING pc=0x000002184bd66f8c sp=0x00000026a53fa410
Event: 0.194 Thread 0x000002184449c8a0 DEOPT UNPACKING pc=0x00000218532c2b43 sp=0x00000026a53f98a0 mode 0

Classes unloaded (0 events):
No events

Classes redefined (0 events):
No events

Internal exceptions (1 events):
Event: 0.202 Thread 0x000002184449c8a0 Exception <a 'java/lang/OutOfMemoryError'{0x0000000714b6a8a8}> (0x0000000714b6a8a8) 
thrown [s\open\src\hotspot\share\prims\jni.cpp, line 535]

VM Operations (2 events):
Event: 0.179 Executing VM operation: HandshakeAllThreads
Event: 0.180 Executing VM operation: HandshakeAllThreads done

Events (20 events):
Event: 0.203 loading class sun/launcher/LauncherHelper$ResourceBundleHolder done
Event: 0.203 loading class java/util/ResourceBundle
Event: 0.203 loading class java/util/ResourceBundle done
Event: 0.203 loading class java/util/ResourceBundle$1
Event: 0.203 loading class jdk/internal/access/JavaUtilResourceBundleAccess
Event: 0.203 loading class jdk/internal/access/JavaUtilResourceBundleAccess done
Event: 0.203 loading class java/util/ResourceBundle$1 done
Event: 0.203 loading class java/util/ResourceBundle$2
Event: 0.204 loading class java/util/ResourceBundle$2 done
Event: 0.204 loading class java/util/ResourceBundle$Control
Event: 0.204 loading class java/util/ResourceBundle$Control done
Event: 0.204 loading class java/util/ResourceBundle$Control$CandidateListCache
Event: 0.204 loading class java/util/ResourceBundle$Control$CandidateListCache done
Event: 0.204 loading class java/lang/invoke/LambdaMetafactory
Event: 0.204 loading class java/lang/invoke/LambdaMetafactory done
Event: 0.204 loading class java/lang/invoke/MethodType$ConcurrentWeakInternSet
Event: 0.204 loading class java/lang/invoke/MethodType$ConcurrentWeakInternSet done
Event: 0.204 loading class java/lang/Void
Event: 0.204 loading class java/lang/Void done
Event: 0.204 loading class java/lang/invoke/MethodTypeForm


Dynamic libraries:
0x00007ff6baa90000 - 0x00007ff6baaa0000 	C:\Program Files\Java\jdk-17\bin\javaw.exe
0x00007fff786b0000 - 0x00007fff788c7000 	C:\windows\SYSTEM32\ntdll.dll
0x00007fff76980000 - 0x00007fff76a44000 	C:\windows\System32\KERNEL32.DLL
0x00007fff75c60000 - 0x00007fff76019000 	C:\windows\System32\KERNELBASE.dll
0x00007fff75b40000 - 0x00007fff75c51000 	C:\windows\System32\ucrtbase.dll
0x00007fff5cd40000 - 0x00007fff5cd5b000 	C:\Program Files\Java\jdk-17\bin\VCRUNTIME140.dll
0x00007fff5ac90000 - 0x00007fff5aca9000 	C:\Program Files\Java\jdk-17\bin\jli.dll
0x00007fff76f00000 - 0x00007fff76fb2000 	C:\windows\System32\ADVAPI32.dll
0x00007fff76560000 - 0x00007fff76607000 	C:\windows\System32\msvcrt.dll
0x00007fff770c0000 - 0x00007fff77167000 	C:\windows\System32\sechost.dll
0x00007fff75b10000 - 0x00007fff75b38000 	C:\windows\System32\bcrypt.dll
0x00007fff77d90000 - 0x00007fff77ea4000 	C:\windows\System32\RPCRT4.dll
0x00007fff77ba0000 - 0x00007fff77d4e000 	C:\windows\System32\USER32.dll
0x00007fff76200000 - 0x00007fff76226000 	C:\windows\System32\win32u.dll
0x00007fff77d60000 - 0x00007fff77d89000 	C:\windows\System32\GDI32.dll
0x00007fff762b0000 - 0x00007fff763cb000 	C:\windows\System32\gdi32full.dll
0x00007fff75a70000 - 0x00007fff75b0a000 	C:\windows\System32\msvcp_win.dll
0x00007fff4a7d0000 - 0x00007fff4aa62000 	C:\windows\WinSxS\amd64_microsoft.windows.common-controls_6595b64144ccf1df_6.0.22621.4391_none_2715d37f73803e96\COMCTL32.dll
0x00007fff6a110000 - 0x00007fff6a11a000 	C:\windows\SYSTEM32\VERSION.dll
0x00007fff76520000 - 0x00007fff76551000 	C:\windows\System32\IMM32.DLL
0x00007fff5cd10000 - 0x00007fff5cd1c000 	C:\Program Files\Java\jdk-17\bin\vcruntime140_1.dll
0x00007fff43190000 - 0x00007fff4321e000 	C:\Program Files\Java\jdk-17\bin\msvcp140.dll
0x00007fff146b0000 - 0x00007fff15290000 	C:\Program Files\Java\jdk-17\bin\server\jvm.dll
0x00007fff76790000 - 0x00007fff76798000 	C:\windows\System32\PSAPI.DLL
0x00007fff70880000 - 0x00007fff708b4000 	C:\windows\SYSTEM32\WINMM.dll
0x00007fff4d670000 - 0x00007fff4d679000 	C:\windows\SYSTEM32\WSOCK32.dll
0x00007fff76710000 - 0x00007fff76781000 	C:\windows\System32\WS2_32.dll
0x00007fff74990000 - 0x00007fff749a8000 	C:\windows\SYSTEM32\kernel.appcore.dll
0x00007fff5ccd0000 - 0x00007fff5ccda000 	C:\Program Files\Java\jdk-17\bin\jimage.dll
0x00007fff732f0000 - 0x00007fff73522000 	C:\windows\SYSTEM32\DBGHELP.DLL
0x00007fff77eb0000 - 0x00007fff7823f000 	C:\windows\System32\combase.dll
0x00007fff763d0000 - 0x00007fff764a7000 	C:\windows\System32\OLEAUT32.dll
0x00007fff5e870000 - 0x00007fff5e8a2000 	C:\windows\SYSTEM32\dbgcore.DLL
0x00007fff76230000 - 0x00007fff762ab000 	C:\windows\System32\bcryptPrimitives.dll
0x00007fff5a560000 - 0x00007fff5a585000 	C:\Program Files\Java\jdk-17\bin\java.dll
0x00007fff3ec60000 - 0x00007fff3ed37000 	C:\Program Files\Java\jdk-17\bin\jsvml.dll
0x00007fff77170000 - 0x00007fff779e6000 	C:\windows\System32\SHELL32.dll
0x00007fff738a0000 - 0x00007fff741a3000 	C:\windows\SYSTEM32\windows.storage.dll
0x00007fff73760000 - 0x00007fff7389f000 	C:\windows\SYSTEM32\wintypes.dll
0x00007fff76610000 - 0x00007fff76709000 	C:\windows\System32\SHCORE.dll
0x00007fff764c0000 - 0x00007fff7651e000 	C:\windows\System32\shlwapi.dll
0x00007fff758e0000 - 0x00007fff7590b000 	C:\windows\SYSTEM32\profapi.dll
0x00007fff5ac60000 - 0x00007fff5ac79000 	C:\Program Files\Java\jdk-17\bin\net.dll
0x00007fff71ef0000 - 0x00007fff72026000 	C:\windows\SYSTEM32\WINHTTP.dll
0x00007fff74e70000 - 0x00007fff74ed9000 	C:\windows\system32\mswsock.dll
0x00007fff56770000 - 0x00007fff56786000 	C:\Program Files\Java\jdk-17\bin\nio.dll
0x00007fff53d90000 - 0x00007fff53da8000 	C:\Program Files\Java\jdk-17\bin\zip.dll

dbghelp: loaded successfully - version: 4.0.5 - missing functions: none
symbol engine: initialized successfully - sym options: 0x614 - pdb path: .;C:\Program Files\Java\jdk-17\bin;C:\windows\SYSTEM32;C:\windows\WinSxS\amd64_microsoft.windows.common-controls_6595b64144ccf1df_6.0.22621.4391_none_2715d37f73803e96;C:\Program Files\Java\jdk-17\bin\server

VM Arguments:
jvm_args: -ea -Dfile.encoding=UTF-8 -Dstdout.encoding=UTF-8 -Dstderr.encoding=UTF-8 -XX:+ShowCodeDetailsInExceptionMessages 
java_command: org.testng.remote.RemoteTestNG -serport 50908 -protocol json -d D:\BDD_Workspace\BDDFramework\test-output D:\BDD_Workspace\BDDFramework\testng.xml
java_class_path (initial): D:\Software\eclipse-java-2024-03-R-win32-x86_64\eclipse\configuration\org.eclipse.osgi\585\0\.cp\lib\testng-remote.jar;D:\BDD_Workspace\BDDFramework\target\test-classes;D:\BDD_Workspace\BDDFramework\target\classes;D:\Software\selenium-java-4.26.0\selenium-manager-4.26.0.jar;D:\Software\selenium-java-4.26.0\selenium-manager-4.26.0-sources.jar;D:\Software\selenium-java-4.26.0\auto-service-annotations-1.1.1.jar;D:\Software\selenium-java-4.26.0\auto-service-annotations-1.1.1-sources.jar;D:\Software\selenium-java-4.26.0\byte-buddy-1.15.7.jar;D:\Software\selenium-java-4.26.0\byte-buddy-1.15.7-sources.jar;D:\Software\selenium-java-4.26.0\checker-qual-3.43.0.jar;D:\Software\selenium-java-4.26.0\checker-qual-3.43.0-sources.jar;D:\Software\selenium-java-4.26.0\commons-exec-1.4.0.jar;D:\Software\selenium-java-4.26.0\commons-exec-1.4.0-sources.jar;D:\Software\selenium-java-4.26.0\error_prone_annotations-2.28.0.jar;D:\Software\selenium-java-4.26.0\error_prone_annotations-2.28.0-sources.jar;D:\Software\selenium-java-4.26.0\failsafe-3.3.2.jar;D:\Software\selenium-java-4.26.0\failsafe-3.3.2-sources.jar;D:\Software\selenium-java-4.26.0\failureaccess-1.0.2.jar;D:\Software\selenium-java-4.26.0\failureaccess-1.0.2-sources.jar;D:\Software\selenium-java-4.26.0\guava-33.3.1-jre.jar;D:\Software\selenium-java-4.26.0\guava-33.3.1-jre-sources.jar;D:\Software\selenium-java-4.26.0\j2objc-annotations-3.0.0.jar;D:\Software\selenium-java-4.26.0\j2objc-annotations-3.0.0-sources.jar;D:\Software\selenium-java-4.26.0\jspecify-1.0.0.jar;D:\Software\selenium-java-4.26.0\jspecify-1.0.0-sources.jar;D:\Software\selenium-java-4.26.0\jsr305-3.0.2.jar;D:\Software\selenium-java-4.26.0\jsr305-3.0.2-sources.jar;D:\Software\selenium-java-4.26.0\listenablefuture-9999.0-empty-to-avoid-conflict-with-guava.jar;D:\Software\selenium-java-4.26.0\opentelemetry-api-1.43.0.jar;D:\Software\selenium-java-4.26.0\opentelemetry-api-1.43.0-sources.jar;D:\Software\selenium-java-4.26.0\opentelemetry-ap
Launcher Type: SUN_STANDARD

[Global flags]
     intx CICompilerCount                          = 4                                         {product} {ergonomic}
     uint ConcGCThreads                            = 3                                         {product} {ergonomic}
     uint G1ConcRefinementThreads                  = 10                                        {product} {ergonomic}
   size_t G1HeapRegionSize                         = 2097152                                   {product} {ergonomic}
    uintx GCDrainStackTargetSize                   = 64                                        {product} {ergonomic}
   size_t InitialHeapSize                          = 264241152                                 {product} {ergonomic}
   size_t MarkStackSize                            = 4194304                                   {product} {ergonomic}
   size_t MaxHeapSize                              = 4208984064                                {product} {ergonomic}
   size_t MaxNewSize                               = 2524971008                                {product} {ergonomic}
   size_t MinHeapDeltaBytes                        = 2097152                                   {product} {ergonomic}
   size_t MinHeapSize                              = 8388608                                   {product} {ergonomic}
    uintx NonNMethodCodeHeapSize                   = 5839372                                {pd product} {ergonomic}
    uintx NonProfiledCodeHeapSize                  = 122909434                              {pd product} {ergonomic}
    uintx ProfiledCodeHeapSize                     = 122909434                              {pd product} {ergonomic}
    uintx ReservedCodeCacheSize                    = 251658240                              {pd product} {ergonomic}
     bool SegmentedCodeCache                       = true                                      {product} {ergonomic}
     bool ShowCodeDetailsInExceptionMessages       = true                                   {manageable} {command line}
   size_t SoftMaxHeapSize                          = 4208984064                             {manageable} {ergonomic}
     bool UseCompressedClassPointers               = true                           {product lp64_product} {ergonomic}
     bool UseCompressedOops                        = true                           {product lp64_product} {ergonomic}
     bool UseG1GC                                  = true                                      {product} {ergonomic}
     bool UseLargePagesIndividualAllocation        = false                                  {pd product} {ergonomic}

Logging:
Log output configuration:
 #0: stdout all=warning uptime,level,tags
 #1: stderr all=off uptime,level,tags

Environment Variables:
JAVA_HOME=C:\Program Files\Java\jdk-17
PATH=D:/Software/eclipse-java-2024-03-R-win32-x86_64/eclipse//plugins/org.eclipse.justj.openjdk.hotspot.jre.full.win32.x86_64_17.0.10.v20240120-1143/jre/bin/server;D:/Software/eclipse-java-2024-03-R-win32-x86_64/eclipse//plugins/org.eclipse.justj.openjdk.hotspot.jre.full.win32.x86_64_17.0.10.v20240120-1143/jre/bin;C:\Program Files\Common Files\Oracle\Java\javapath;C:\Program Files (x86)\Common Files\Oracle\Java\javapath;C:\windows\system32;C:\windows;C:\windows\System32\Wbem;C:\windows\System32\WindowsPowerShell\v1.0\;C:\windows\System32\OpenSSH\;C:\Program Files\nodejs\;D:\Software\apache-maven-3.9.6-bin\apache-maven-3.9.6\bin;C:\Program Files\Git\cmd;C:\Users\Ragini soneri\AppData\Local\Programs\Microsoft VS Code\bin;C:\Program Files\Java\jdk-17\bin;C:\Program Files\JetBrains\IntelliJ IDEA 2024.3\bin;;;D:\Software\eclipse-java-2024-03-R-win32-x86_64\eclipse;
USERNAME=Ragini soneri
OS=Windows_NT
PROCESSOR_IDENTIFIER=Intel64 Family 6 Model 154 Stepping 4, GenuineIntel



---------------  S Y S T E M  ---------------

OS:
 Windows 11 , 64 bit Build 22621 (10.0.22621.4391)
OS uptime: 5 days 18:03 hours
Hyper-V role detected

CPU: total 12 (initial active 12) (6 cores per cpu, 2 threads per core) family 6 model 154 stepping 4 microcode 0x42c, cx8, cmov, fxsr, ht, mmx, 3dnowpref, sse, sse2, sse3, ssse3, sse4.1, sse4.2, popcnt, lzcnt, tsc, tscinvbit, avx, avx2, aes, erms, clmul, bmi1, bmi2, adx, sha, fma, vzeroupper, clflush, clflushopt, clwb, hv

Memory: 4k page, system-wide physical 16052M (589M free)
TotalPageFile size 30742M (AvailPageFile size 4M)
current process WorkingSet (physical memory assigned to process): 34M, peak: 34M
current process commit charge ("private bytes"): 339M, peak: 339M

vm_info: Java HotSpot(TM) 64-Bit Server VM (17.0.12+8-LTS-286) for windows-amd64 JRE (17.0.12+8-LTS-286), built on Jun  5 2024 06:46:59 by "mach5one" with MS VC++ 17.6 (VS2022)

END.
