#
# There is insufficient memory for the Java Runtime Environment to continue.
# Native memory allocation (malloc) failed to allocate 284080 bytes for Chunk::new
# Possible reasons:
#   The system is out of physical RAM or swap space
#   The process is running with CompressedOops enabled, and the Java Heap may be blocking the growth of the native heap
# Possible solutions:
#   Reduce memory load on the system
#   Increase physical memory or swap space
#   Check if swap backing store is full
#   Decrease Java heap size (-Xmx/-Xms)
#   Decrease number of Java threads
#   Decrease Java thread stack sizes (-Xss)
#   Set larger code cache with -XX:ReservedCodeCacheSize=
#   JVM is running with Zero Based Compressed Oops mode in which the Java heap is
#     placed in the first 32GB address space. The Java Heap base address is the
#     maximum limit for the native heap growth. Please use -XX:HeapBaseMinAddress
#     to set the Java Heap base and to place the Java Heap above 32GB virtual address.
# This output file may be truncated or incomplete.
#
#  Out of Memory Error (arena.cpp:189), pid=13524, tid=29976
#
# JRE version: Java(TM) SE Runtime Environment (17.0.12+8) (build 17.0.12+8-LTS-286)
# Java VM: Java HotSpot(TM) 64-Bit Server VM (17.0.12+8-LTS-286, mixed mode, sharing, tiered, compressed oops, compressed class ptrs, g1 gc, windows-amd64)
# No core dump will be written. Minidumps are not enabled by default on client versions of Windows
#

---------------  S U M M A R Y ------------

Command Line: -ea -Dfile.encoding=UTF-8 -Dstdout.encoding=UTF-8 -Dstderr.encoding=UTF-8 -XX:+ShowCodeDetailsInExceptionMessages org.testng.remote.RemoteTestNG -serport 50979 -protocol json -d D:\BDD_Workspace\BDDFramework\test-output C:\Users\RAGINI~1\AppData\Local\Temp\testng-eclipse-663404786\testng-customsuite.xml

Host: 12th Gen Intel(R) Core(TM) i5-1235U, 12 cores, 15G,  Windows 11 , 64 bit Build 22621 (10.0.22621.4391)
Time: Wed Nov 27 17:08:37 2024 India Standard Time elapsed time: 0.277409 seconds (0d 0h 0m 0s)

---------------  T H R E A D  ---------------

Current thread (0x000002605e282a20):  JavaThread "C2 CompilerThread1" daemon [_thread_in_native, id=29976, stack(0x000000ee23e00000,0x000000ee23f00000)]


Current CompileTask:
C2:    277  555       4       java.lang.String::newStringUTF8NoRepl (274 bytes)

Stack: [0x000000ee23e00000,0x000000ee23f00000]
Native frames: (J=compiled Java code, j=interpreted, Vv=VM code, C=native code)
V  [jvm.dll+0x67a04a]
V  [jvm.dll+0x7da4ed]
V  [jvm.dll+0x7dbe33]
V  [jvm.dll+0x7dc4a3]
V  [jvm.dll+0x24508f]
V  [jvm.dll+0xab773]
V  [jvm.dll+0xabd3c]
V  [jvm.dll+0x361bee]
V  [jvm.dll+0x32c431]
V  [jvm.dll+0x32b8ca]
V  [jvm.dll+0x21683f]
V  [jvm.dll+0x215c6f]
V  [jvm.dll+0x1a2960]
V  [jvm.dll+0x22610b]
V  [jvm.dll+0x2242ab]
V  [jvm.dll+0x79075c]
V  [jvm.dll+0x78abea]
V  [jvm.dll+0x678f35]
C  [ucrtbase.dll+0x29333]
C  [KERNEL32.DLL+0x1259d]
C  [ntdll.dll+0x5af38]


---------------  P R O C E S S  ---------------

Threads class SMR info:
_java_thread_list=0x000002605e1b0900, length=13, elements={
0x000002603b06c850, 0x000002605e033de0, 0x000002605e034c60, 0x000002605e0416c0,
0x000002605e042190, 0x000002605e042d50, 0x000002605e045720, 0x000002605e04edd0,
0x000002605e04f880, 0x000002605e075fb0, 0x000002605e1a0880, 0x000002605e1b6db0,
0x000002605e282a20
}

Java Threads: ( => current thread )
  0x000002603b06c850 JavaThread "main" [_thread_in_Java, id=16224, stack(0x000000ee22b00000,0x000000ee22c00000)]
  0x000002605e033de0 JavaThread "Reference Handler" daemon [_thread_blocked, id=17336, stack(0x000000ee23200000,0x000000ee23300000)]
  0x000002605e034c60 JavaThread "Finalizer" daemon [_thread_blocked, id=39320, stack(0x000000ee23300000,0x000000ee23400000)]
  0x000002605e0416c0 JavaThread "Signal Dispatcher" daemon [_thread_blocked, id=37816, stack(0x000000ee23400000,0x000000ee23500000)]
  0x000002605e042190 JavaThread "Attach Listener" daemon [_thread_blocked, id=40456, stack(0x000000ee23500000,0x000000ee23600000)]
  0x000002605e042d50 JavaThread "Service Thread" daemon [_thread_blocked, id=39388, stack(0x000000ee23600000,0x000000ee23700000)]
  0x000002605e045720 JavaThread "Monitor Deflation Thread" daemon [_thread_blocked, id=33104, stack(0x000000ee23700000,0x000000ee23800000)]
  0x000002605e04edd0 JavaThread "C2 CompilerThread0" daemon [_thread_in_native, id=19640, stack(0x000000ee23800000,0x000000ee23900000)]
  0x000002605e04f880 JavaThread "C1 CompilerThread0" daemon [_thread_in_native, id=40272, stack(0x000000ee23900000,0x000000ee23a00000)]
  0x000002605e075fb0 JavaThread "Sweeper thread" daemon [_thread_blocked, id=10440, stack(0x000000ee23a00000,0x000000ee23b00000)]
  0x000002605e1a0880 JavaThread "Notification Thread" daemon [_thread_blocked, id=19324, stack(0x000000ee23b00000,0x000000ee23c00000)]
  0x000002605e1b6db0 JavaThread "Common-Cleaner" daemon [_thread_blocked, id=31120, stack(0x000000ee23d00000,0x000000ee23e00000)]
=>0x000002605e282a20 JavaThread "C2 CompilerThread1" daemon [_thread_in_native, id=29976, stack(0x000000ee23e00000,0x000000ee23f00000)]

Other Threads:
  0x000002605e026c80 VMThread "VM Thread" [stack: 0x000000ee23100000,0x000000ee23200000] [id=22876]
  0x000002603b0fa960 WatcherThread [stack: 0x000000ee23c00000,0x000000ee23d00000] [id=40632]
  0x000002603b0d94c0 GCTaskThread "GC Thread#0" [stack: 0x000000ee22c00000,0x000000ee22d00000] [id=31476]
  0x000002603b0e9ee0 ConcurrentGCThread "G1 Main Marker" [stack: 0x000000ee22d00000,0x000000ee22e00000] [id=24716]
  0x000002603b0ec0a0 ConcurrentGCThread "G1 Conc#0" [stack: 0x000000ee22e00000,0x000000ee22f00000] [id=6384]
  0x000002603b11ec40 ConcurrentGCThread "G1 Refine#0" [stack: 0x000000ee22f00000,0x000000ee23000000] [id=7408]
  0x000002605dee1da0 ConcurrentGCThread "G1 Service" [stack: 0x000000ee23000000,0x000000ee23100000] [id=13088]

Threads with active compile tasks:
C2 CompilerThread0      289  604   !   4       java.util.zip.ZipFile$Source::getEntryPos (181 bytes)
C1 CompilerThread0      289  599       3       java.net.URLStreamHandler::parseURL (1201 bytes)
C2 CompilerThread1      289  555       4       java.lang.String::newStringUTF8NoRepl (274 bytes)

VM state: not at safepoint (normal execution)

VM Mutex/Monitor currently owned by a thread: None

Heap address: 0x0000000705200000, size: 4014 MB, Compressed Oops mode: Zero based, Oop shift amount: 3

CDS archive(s) mapped at: [0x000002605f000000-0x000002605fbd0000-0x000002605fbd0000), size 12386304, SharedBaseAddress: 0x000002605f000000, ArchiveRelocationMode: 1.
Compressed class space mapped at: 0x0000026060000000-0x00000260a0000000, reserved size: 1073741824
Narrow klass base: 0x000002605f000000, Narrow klass shift: 0, Narrow klass range: 0x100000000

GC Precious Log:
 CPUs: 12 total, 12 available
 Memory: 16052M
 Large Page Support: Disabled
 NUMA Support: Disabled
 Compressed Oops: Enabled (Zero based)
 Heap Region Size: 2M
 Heap Min Capacity: 8M
 Heap Initial Capacity: 252M
 Heap Max Capacity: 4014M
 Pre-touch: Disabled
 Parallel Workers: 10
 Concurrent Workers: 3
 Concurrent Refinement Workers: 10
 Periodic GC: Disabled

Heap:
 garbage-first heap   total 258048K, used 8192K [0x0000000705200000, 0x0000000800000000)
  region size 2048K, 6 young (12288K), 0 survivors (0K)
 Metaspace       used 1658K, committed 1792K, reserved 1114112K
  class space    used 148K, committed 192K, reserved 1048576K

Heap Regions: E=young(eden), S=young(survivor), O=old, HS=humongous(starts), HC=humongous(continues), CS=collection set, F=free, OA=open archive, CA=closed archive, TAMS=top-at-mark-start (previous, next)
|   0|0x0000000705200000, 0x0000000705200000, 0x0000000705400000|  0%| F|  |TAMS 0x0000000705200000, 0x0000000705200000| Untracked 
|   1|0x0000000705400000, 0x0000000705400000, 0x0000000705600000|  0%| F|  |TAMS 0x0000000705400000, 0x0000000705400000| Untracked 
|   2|0x0000000705600000, 0x0000000705600000, 0x0000000705800000|  0%| F|  |TAMS 0x0000000705600000, 0x0000000705600000| Untracked 
|   3|0x0000000705800000, 0x0000000705800000, 0x0000000705a00000|  0%| F|  |TAMS 0x0000000705800000, 0x0000000705800000| Untracked 
|   4|0x0000000705a00000, 0x0000000705a00000, 0x0000000705c00000|  0%| F|  |TAMS 0x0000000705a00000, 0x0000000705a00000| Untracked 
|   5|0x0000000705c00000, 0x0000000705c00000, 0x0000000705e00000|  0%| F|  |TAMS 0x0000000705c00000, 0x0000000705c00000| Untracked 
|   6|0x0000000705e00000, 0x0000000705e00000, 0x0000000706000000|  0%| F|  |TAMS 0x0000000705e00000, 0x0000000705e00000| Untracked 
|   7|0x0000000706000000, 0x0000000706000000, 0x0000000706200000|  0%| F|  |TAMS 0x0000000706000000, 0x0000000706000000| Untracked 
|   8|0x0000000706200000, 0x0000000706200000, 0x0000000706400000|  0%| F|  |TAMS 0x0000000706200000, 0x0000000706200000| Untracked 
|   9|0x0000000706400000, 0x0000000706400000, 0x0000000706600000|  0%| F|  |TAMS 0x0000000706400000, 0x0000000706400000| Untracked 
|  10|0x0000000706600000, 0x0000000706600000, 0x0000000706800000|  0%| F|  |TAMS 0x0000000706600000, 0x0000000706600000| Untracked 
|  11|0x0000000706800000, 0x0000000706800000, 0x0000000706a00000|  0%| F|  |TAMS 0x0000000706800000, 0x0000000706800000| Untracked 
|  12|0x0000000706a00000, 0x0000000706a00000, 0x0000000706c00000|  0%| F|  |TAMS 0x0000000706a00000, 0x0000000706a00000| Untracked 
|  13|0x0000000706c00000, 0x0000000706c00000, 0x0000000706e00000|  0%| F|  |TAMS 0x0000000706c00000, 0x0000000706c00000| Untracked 
|  14|0x0000000706e00000, 0x0000000706e00000, 0x0000000707000000|  0%| F|  |TAMS 0x0000000706e00000, 0x0000000706e00000| Untracked 
|  15|0x0000000707000000, 0x0000000707000000, 0x0000000707200000|  0%| F|  |TAMS 0x0000000707000000, 0x0000000707000000| Untracked 
|  16|0x0000000707200000, 0x0000000707200000, 0x0000000707400000|  0%| F|  |TAMS 0x0000000707200000, 0x0000000707200000| Untracked 
|  17|0x0000000707400000, 0x0000000707400000, 0x0000000707600000|  0%| F|  |TAMS 0x0000000707400000, 0x0000000707400000| Untracked 
|  18|0x0000000707600000, 0x0000000707600000, 0x0000000707800000|  0%| F|  |TAMS 0x0000000707600000, 0x0000000707600000| Untracked 
|  19|0x0000000707800000, 0x0000000707800000, 0x0000000707a00000|  0%| F|  |TAMS 0x0000000707800000, 0x0000000707800000| Untracked 
|  20|0x0000000707a00000, 0x0000000707a00000, 0x0000000707c00000|  0%| F|  |TAMS 0x0000000707a00000, 0x0000000707a00000| Untracked 
|  21|0x0000000707c00000, 0x0000000707c00000, 0x0000000707e00000|  0%| F|  |TAMS 0x0000000707c00000, 0x0000000707c00000| Untracked 
|  22|0x0000000707e00000, 0x0000000707e00000, 0x0000000708000000|  0%| F|  |TAMS 0x0000000707e00000, 0x0000000707e00000| Untracked 
|  23|0x0000000708000000, 0x0000000708000000, 0x0000000708200000|  0%| F|  |TAMS 0x0000000708000000, 0x0000000708000000| Untracked 
|  24|0x0000000708200000, 0x0000000708200000, 0x0000000708400000|  0%| F|  |TAMS 0x0000000708200000, 0x0000000708200000| Untracked 
|  25|0x0000000708400000, 0x0000000708400000, 0x0000000708600000|  0%| F|  |TAMS 0x0000000708400000, 0x0000000708400000| Untracked 
|  26|0x0000000708600000, 0x0000000708600000, 0x0000000708800000|  0%| F|  |TAMS 0x0000000708600000, 0x0000000708600000| Untracked 
|  27|0x0000000708800000, 0x0000000708800000, 0x0000000708a00000|  0%| F|  |TAMS 0x0000000708800000, 0x0000000708800000| Untracked 
|  28|0x0000000708a00000, 0x0000000708a00000, 0x0000000708c00000|  0%| F|  |TAMS 0x0000000708a00000, 0x0000000708a00000| Untracked 
|  29|0x0000000708c00000, 0x0000000708c00000, 0x0000000708e00000|  0%| F|  |TAMS 0x0000000708c00000, 0x0000000708c00000| Untracked 
|  30|0x0000000708e00000, 0x0000000708e00000, 0x0000000709000000|  0%| F|  |TAMS 0x0000000708e00000, 0x0000000708e00000| Untracked 
|  31|0x0000000709000000, 0x0000000709000000, 0x0000000709200000|  0%| F|  |TAMS 0x0000000709000000, 0x0000000709000000| Untracked 
|  32|0x0000000709200000, 0x0000000709200000, 0x0000000709400000|  0%| F|  |TAMS 0x0000000709200000, 0x0000000709200000| Untracked 
|  33|0x0000000709400000, 0x0000000709400000, 0x0000000709600000|  0%| F|  |TAMS 0x0000000709400000, 0x0000000709400000| Untracked 
|  34|0x0000000709600000, 0x0000000709600000, 0x0000000709800000|  0%| F|  |TAMS 0x0000000709600000, 0x0000000709600000| Untracked 
|  35|0x0000000709800000, 0x0000000709800000, 0x0000000709a00000|  0%| F|  |TAMS 0x0000000709800000, 0x0000000709800000| Untracked 
|  36|0x0000000709a00000, 0x0000000709a00000, 0x0000000709c00000|  0%| F|  |TAMS 0x0000000709a00000, 0x0000000709a00000| Untracked 
|  37|0x0000000709c00000, 0x0000000709c00000, 0x0000000709e00000|  0%| F|  |TAMS 0x0000000709c00000, 0x0000000709c00000| Untracked 
|  38|0x0000000709e00000, 0x0000000709e00000, 0x000000070a000000|  0%| F|  |TAMS 0x0000000709e00000, 0x0000000709e00000| Untracked 
|  39|0x000000070a000000, 0x000000070a000000, 0x000000070a200000|  0%| F|  |TAMS 0x000000070a000000, 0x000000070a000000| Untracked 
|  40|0x000000070a200000, 0x000000070a200000, 0x000000070a400000|  0%| F|  |TAMS 0x000000070a200000, 0x000000070a200000| Untracked 
|  41|0x000000070a400000, 0x000000070a400000, 0x000000070a600000|  0%| F|  |TAMS 0x000000070a400000, 0x000000070a400000| Untracked 
|  42|0x000000070a600000, 0x000000070a600000, 0x000000070a800000|  0%| F|  |TAMS 0x000000070a600000, 0x000000070a600000| Untracked 
|  43|0x000000070a800000, 0x000000070a800000, 0x000000070aa00000|  0%| F|  |TAMS 0x000000070a800000, 0x000000070a800000| Untracked 
|  44|0x000000070aa00000, 0x000000070aa00000, 0x000000070ac00000|  0%| F|  |TAMS 0x000000070aa00000, 0x000000070aa00000| Untracked 
|  45|0x000000070ac00000, 0x000000070ac00000, 0x000000070ae00000|  0%| F|  |TAMS 0x000000070ac00000, 0x000000070ac00000| Untracked 
|  46|0x000000070ae00000, 0x000000070ae00000, 0x000000070b000000|  0%| F|  |TAMS 0x000000070ae00000, 0x000000070ae00000| Untracked 
|  47|0x000000070b000000, 0x000000070b000000, 0x000000070b200000|  0%| F|  |TAMS 0x000000070b000000, 0x000000070b000000| Untracked 
|  48|0x000000070b200000, 0x000000070b200000, 0x000000070b400000|  0%| F|  |TAMS 0x000000070b200000, 0x000000070b200000| Untracked 
|  49|0x000000070b400000, 0x000000070b400000, 0x000000070b600000|  0%| F|  |TAMS 0x000000070b400000, 0x000000070b400000| Untracked 
|  50|0x000000070b600000, 0x000000070b600000, 0x000000070b800000|  0%| F|  |TAMS 0x000000070b600000, 0x000000070b600000| Untracked 
|  51|0x000000070b800000, 0x000000070b800000, 0x000000070ba00000|  0%| F|  |TAMS 0x000000070b800000, 0x000000070b800000| Untracked 
|  52|0x000000070ba00000, 0x000000070ba00000, 0x000000070bc00000|  0%| F|  |TAMS 0x000000070ba00000, 0x000000070ba00000| Untracked 
|  53|0x000000070bc00000, 0x000000070bc00000, 0x000000070be00000|  0%| F|  |TAMS 0x000000070bc00000, 0x000000070bc00000| Untracked 
|  54|0x000000070be00000, 0x000000070be00000, 0x000000070c000000|  0%| F|  |TAMS 0x000000070be00000, 0x000000070be00000| Untracked 
|  55|0x000000070c000000, 0x000000070c000000, 0x000000070c200000|  0%| F|  |TAMS 0x000000070c000000, 0x000000070c000000| Untracked 
|  56|0x000000070c200000, 0x000000070c200000, 0x000000070c400000|  0%| F|  |TAMS 0x000000070c200000, 0x000000070c200000| Untracked 
|  57|0x000000070c400000, 0x000000070c400000, 0x000000070c600000|  0%| F|  |TAMS 0x000000070c400000, 0x000000070c400000| Untracked 
|  58|0x000000070c600000, 0x000000070c600000, 0x000000070c800000|  0%| F|  |TAMS 0x000000070c600000, 0x000000070c600000| Untracked 
|  59|0x000000070c800000, 0x000000070c800000, 0x000000070ca00000|  0%| F|  |TAMS 0x000000070c800000, 0x000000070c800000| Untracked 
|  60|0x000000070ca00000, 0x000000070ca00000, 0x000000070cc00000|  0%| F|  |TAMS 0x000000070ca00000, 0x000000070ca00000| Untracked 
|  61|0x000000070cc00000, 0x000000070cc00000, 0x000000070ce00000|  0%| F|  |TAMS 0x000000070cc00000, 0x000000070cc00000| Untracked 
|  62|0x000000070ce00000, 0x000000070ce00000, 0x000000070d000000|  0%| F|  |TAMS 0x000000070ce00000, 0x000000070ce00000| Untracked 
|  63|0x000000070d000000, 0x000000070d000000, 0x000000070d200000|  0%| F|  |TAMS 0x000000070d000000, 0x000000070d000000| Untracked 
|  64|0x000000070d200000, 0x000000070d200000, 0x000000070d400000|  0%| F|  |TAMS 0x000000070d200000, 0x000000070d200000| Untracked 
|  65|0x000000070d400000, 0x000000070d400000, 0x000000070d600000|  0%| F|  |TAMS 0x000000070d400000, 0x000000070d400000| Untracked 
|  66|0x000000070d600000, 0x000000070d600000, 0x000000070d800000|  0%| F|  |TAMS 0x000000070d600000, 0x000000070d600000| Untracked 
|  67|0x000000070d800000, 0x000000070d800000, 0x000000070da00000|  0%| F|  |TAMS 0x000000070d800000, 0x000000070d800000| Untracked 
|  68|0x000000070da00000, 0x000000070da00000, 0x000000070dc00000|  0%| F|  |TAMS 0x000000070da00000, 0x000000070da00000| Untracked 
|  69|0x000000070dc00000, 0x000000070dc00000, 0x000000070de00000|  0%| F|  |TAMS 0x000000070dc00000, 0x000000070dc00000| Untracked 
|  70|0x000000070de00000, 0x000000070de00000, 0x000000070e000000|  0%| F|  |TAMS 0x000000070de00000, 0x000000070de00000| Untracked 
|  71|0x000000070e000000, 0x000000070e000000, 0x000000070e200000|  0%| F|  |TAMS 0x000000070e000000, 0x000000070e000000| Untracked 
|  72|0x000000070e200000, 0x000000070e200000, 0x000000070e400000|  0%| F|  |TAMS 0x000000070e200000, 0x000000070e200000| Untracked 
|  73|0x000000070e400000, 0x000000070e400000, 0x000000070e600000|  0%| F|  |TAMS 0x000000070e400000, 0x000000070e400000| Untracked 
|  74|0x000000070e600000, 0x000000070e600000, 0x000000070e800000|  0%| F|  |TAMS 0x000000070e600000, 0x000000070e600000| Untracked 
|  75|0x000000070e800000, 0x000000070e800000, 0x000000070ea00000|  0%| F|  |TAMS 0x000000070e800000, 0x000000070e800000| Untracked 
|  76|0x000000070ea00000, 0x000000070ea00000, 0x000000070ec00000|  0%| F|  |TAMS 0x000000070ea00000, 0x000000070ea00000| Untracked 
|  77|0x000000070ec00000, 0x000000070ec00000, 0x000000070ee00000|  0%| F|  |TAMS 0x000000070ec00000, 0x000000070ec00000| Untracked 
|  78|0x000000070ee00000, 0x000000070ee00000, 0x000000070f000000|  0%| F|  |TAMS 0x000000070ee00000, 0x000000070ee00000| Untracked 
|  79|0x000000070f000000, 0x000000070f000000, 0x000000070f200000|  0%| F|  |TAMS 0x000000070f000000, 0x000000070f000000| Untracked 
|  80|0x000000070f200000, 0x000000070f200000, 0x000000070f400000|  0%| F|  |TAMS 0x000000070f200000, 0x000000070f200000| Untracked 
|  81|0x000000070f400000, 0x000000070f400000, 0x000000070f600000|  0%| F|  |TAMS 0x000000070f400000, 0x000000070f400000| Untracked 
|  82|0x000000070f600000, 0x000000070f600000, 0x000000070f800000|  0%| F|  |TAMS 0x000000070f600000, 0x000000070f600000| Untracked 
|  83|0x000000070f800000, 0x000000070f800000, 0x000000070fa00000|  0%| F|  |TAMS 0x000000070f800000, 0x000000070f800000| Untracked 
|  84|0x000000070fa00000, 0x000000070fa00000, 0x000000070fc00000|  0%| F|  |TAMS 0x000000070fa00000, 0x000000070fa00000| Untracked 
|  85|0x000000070fc00000, 0x000000070fc00000, 0x000000070fe00000|  0%| F|  |TAMS 0x000000070fc00000, 0x000000070fc00000| Untracked 
|  86|0x000000070fe00000, 0x000000070fe00000, 0x0000000710000000|  0%| F|  |TAMS 0x000000070fe00000, 0x000000070fe00000| Untracked 
|  87|0x0000000710000000, 0x0000000710000000, 0x0000000710200000|  0%| F|  |TAMS 0x0000000710000000, 0x0000000710000000| Untracked 
|  88|0x0000000710200000, 0x0000000710200000, 0x0000000710400000|  0%| F|  |TAMS 0x0000000710200000, 0x0000000710200000| Untracked 
|  89|0x0000000710400000, 0x0000000710400000, 0x0000000710600000|  0%| F|  |TAMS 0x0000000710400000, 0x0000000710400000| Untracked 
|  90|0x0000000710600000, 0x0000000710600000, 0x0000000710800000|  0%| F|  |TAMS 0x0000000710600000, 0x0000000710600000| Untracked 
|  91|0x0000000710800000, 0x0000000710800000, 0x0000000710a00000|  0%| F|  |TAMS 0x0000000710800000, 0x0000000710800000| Untracked 
|  92|0x0000000710a00000, 0x0000000710a00000, 0x0000000710c00000|  0%| F|  |TAMS 0x0000000710a00000, 0x0000000710a00000| Untracked 
|  93|0x0000000710c00000, 0x0000000710c00000, 0x0000000710e00000|  0%| F|  |TAMS 0x0000000710c00000, 0x0000000710c00000| Untracked 
|  94|0x0000000710e00000, 0x0000000710e00000, 0x0000000711000000|  0%| F|  |TAMS 0x0000000710e00000, 0x0000000710e00000| Untracked 
|  95|0x0000000711000000, 0x0000000711000000, 0x0000000711200000|  0%| F|  |TAMS 0x0000000711000000, 0x0000000711000000| Untracked 
|  96|0x0000000711200000, 0x0000000711200000, 0x0000000711400000|  0%| F|  |TAMS 0x0000000711200000, 0x0000000711200000| Untracked 
|  97|0x0000000711400000, 0x0000000711400000, 0x0000000711600000|  0%| F|  |TAMS 0x0000000711400000, 0x0000000711400000| Untracked 
|  98|0x0000000711600000, 0x0000000711600000, 0x0000000711800000|  0%| F|  |TAMS 0x0000000711600000, 0x0000000711600000| Untracked 
|  99|0x0000000711800000, 0x0000000711800000, 0x0000000711a00000|  0%| F|  |TAMS 0x0000000711800000, 0x0000000711800000| Untracked 
| 100|0x0000000711a00000, 0x0000000711a00000, 0x0000000711c00000|  0%| F|  |TAMS 0x0000000711a00000, 0x0000000711a00000| Untracked 
| 101|0x0000000711c00000, 0x0000000711c00000, 0x0000000711e00000|  0%| F|  |TAMS 0x0000000711c00000, 0x0000000711c00000| Untracked 
| 102|0x0000000711e00000, 0x0000000711e00000, 0x0000000712000000|  0%| F|  |TAMS 0x0000000711e00000, 0x0000000711e00000| Untracked 
| 103|0x0000000712000000, 0x0000000712000000, 0x0000000712200000|  0%| F|  |TAMS 0x0000000712000000, 0x0000000712000000| Untracked 
| 104|0x0000000712200000, 0x0000000712200000, 0x0000000712400000|  0%| F|  |TAMS 0x0000000712200000, 0x0000000712200000| Untracked 
| 105|0x0000000712400000, 0x0000000712400000, 0x0000000712600000|  0%| F|  |TAMS 0x0000000712400000, 0x0000000712400000| Untracked 
| 106|0x0000000712600000, 0x0000000712600000, 0x0000000712800000|  0%| F|  |TAMS 0x0000000712600000, 0x0000000712600000| Untracked 
| 107|0x0000000712800000, 0x0000000712800000, 0x0000000712a00000|  0%| F|  |TAMS 0x0000000712800000, 0x0000000712800000| Untracked 
| 108|0x0000000712a00000, 0x0000000712a00000, 0x0000000712c00000|  0%| F|  |TAMS 0x0000000712a00000, 0x0000000712a00000| Untracked 
| 109|0x0000000712c00000, 0x0000000712c00000, 0x0000000712e00000|  0%| F|  |TAMS 0x0000000712c00000, 0x0000000712c00000| Untracked 
| 110|0x0000000712e00000, 0x0000000712e00000, 0x0000000713000000|  0%| F|  |TAMS 0x0000000712e00000, 0x0000000712e00000| Untracked 
| 111|0x0000000713000000, 0x0000000713000000, 0x0000000713200000|  0%| F|  |TAMS 0x0000000713000000, 0x0000000713000000| Untracked 
| 112|0x0000000713200000, 0x0000000713200000, 0x0000000713400000|  0%| F|  |TAMS 0x0000000713200000, 0x0000000713200000| Untracked 
| 113|0x0000000713400000, 0x0000000713400000, 0x0000000713600000|  0%| F|  |TAMS 0x0000000713400000, 0x0000000713400000| Untracked 
| 114|0x0000000713600000, 0x0000000713600000, 0x0000000713800000|  0%| F|  |TAMS 0x0000000713600000, 0x0000000713600000| Untracked 
| 115|0x0000000713800000, 0x0000000713800000, 0x0000000713a00000|  0%| F|  |TAMS 0x0000000713800000, 0x0000000713800000| Untracked 
| 116|0x0000000713a00000, 0x0000000713a00000, 0x0000000713c00000|  0%| F|  |TAMS 0x0000000713a00000, 0x0000000713a00000| Untracked 
| 117|0x0000000713c00000, 0x0000000713c00000, 0x0000000713e00000|  0%| F|  |TAMS 0x0000000713c00000, 0x0000000713c00000| Untracked 
| 118|0x0000000713e00000, 0x0000000713e00000, 0x0000000714000000|  0%| F|  |TAMS 0x0000000713e00000, 0x0000000713e00000| Untracked 
| 119|0x0000000714000000, 0x0000000714000000, 0x0000000714200000|  0%| F|  |TAMS 0x0000000714000000, 0x0000000714000000| Untracked 
| 120|0x0000000714200000, 0x0000000714400000, 0x0000000714400000|100%| E|  |TAMS 0x0000000714200000, 0x0000000714200000| Complete 
| 121|0x0000000714400000, 0x0000000714600000, 0x0000000714600000|100%| E|  |TAMS 0x0000000714400000, 0x0000000714400000| Complete 
| 122|0x0000000714600000, 0x0000000714800000, 0x0000000714800000|100%| E|CS|TAMS 0x0000000714600000, 0x0000000714600000| Complete 
| 123|0x0000000714800000, 0x0000000714a00000, 0x0000000714a00000|100%| E|CS|TAMS 0x0000000714800000, 0x0000000714800000| Complete 
| 124|0x0000000714a00000, 0x0000000714c00000, 0x0000000714c00000|100%| E|CS|TAMS 0x0000000714a00000, 0x0000000714a00000| Complete 
| 125|0x0000000714c00000, 0x0000000714e00000, 0x0000000714e00000|100%| E|CS|TAMS 0x0000000714c00000, 0x0000000714c00000| Complete 

Card table byte_map: [0x0000026052650000,0x0000026052e30000] _byte_map_base: 0x000002604ee27000

Marking Bits (Prev, Next): (CMBitMap*) 0x000002603b0d9ae0, (CMBitMap*) 0x000002603b0d9b20
 Prev Bits: [0x0000026053610000, 0x00000260574c8000)
 Next Bits: [0x00000260574d0000, 0x000002605b388000)

Polling page: 0x0000026038fd0000

Metaspace:

Usage:
  Non-class:      1.52 MB used.
      Class:    154.86 KB used.
       Both:      1.67 MB used.

Virtual space:
  Non-class space:       64.00 MB reserved,       1.56 MB (  2%) committed,  1 nodes.
      Class space:        1.00 GB reserved,     256.00 KB ( <1%) committed,  1 nodes.
             Both:        1.06 GB reserved,       1.81 MB ( <1%) committed. 

Chunk freelists:
   Non-Class:  11.58 MB
       Class:  15.67 MB
        Both:  27.25 MB

MaxMetaspaceSize: unlimited
CompressedClassSpaceSize: 1.00 GB
Initial GC threshold: 21.00 MB
Current GC threshold: 21.00 MB
CDS: on
MetaspaceReclaimPolicy: balanced
 - commit_granule_bytes: 65536.
 - commit_granule_words: 8192.
 - virtual_space_node_default_size: 8388608.
 - enlarge_chunks_in_place: 1.
 - new_chunks_are_fully_committed: 0.
 - uncommit_free_chunks: 1.
 - use_allocation_guard: 0.
 - handle_deallocations: 1.


Internal statistics:

num_allocs_failed_limit: 0.
num_arena_births: 12.
num_arena_deaths: 0.
num_vsnodes_births: 2.
num_vsnodes_deaths: 0.
num_space_committed: 29.
num_space_uncommitted: 0.
num_chunks_returned_to_freelist: 0.
num_chunks_taken_from_freelist: 42.
num_chunk_merges: 0.
num_chunk_splits: 22.
num_chunks_enlarged: 17.
num_inconsistent_stats: 0.

CodeHeap 'non-profiled nmethods': size=120000Kb used=198Kb max_used=198Kb free=119801Kb
 bounds [0x000002604a3e0000, 0x000002604a650000, 0x0000026051910000]
CodeHeap 'profiled nmethods': size=120000Kb used=995Kb max_used=995Kb free=119004Kb
 bounds [0x0000026042910000, 0x0000026042b80000, 0x0000026049e40000]
CodeHeap 'non-nmethods': size=5760Kb used=1104Kb max_used=1142Kb free=4655Kb
 bounds [0x0000026049e40000, 0x000002604a0b0000, 0x000002604a3e0000]
 total_blobs=972 nmethods=593 adapters=292
 compilation: enabled
              stopped_count=0, restarted_count=0
 full_count=0

Compilation events (20 events):
Event: 0.270 Thread 0x000002605e04f880 nmethod 561 0x00000260429f7f10 code [0x00000260429f8100, 0x00000260429f83a8]
Event: 0.270 Thread 0x000002605e04f880  562       3       java.lang.Math::addExact (32 bytes)
Event: 0.271 Thread 0x000002605e04f880 nmethod 562 0x00000260429f8510 code [0x00000260429f86c0, 0x00000260429f88c8]
Event: 0.271 Thread 0x000002605e04f880  563       3       java.lang.Math::multiplyExact (74 bytes)
Event: 0.271 Thread 0x000002605e04f880 nmethod 563 0x00000260429f8990 code [0x00000260429f8b60, 0x00000260429f9088]
Event: 0.271 Thread 0x000002605e04f880  565       3       java.util.concurrent.TimeUnit::toMillis (69 bytes)
Event: 0.271 Thread 0x000002605e04f880 nmethod 565 0x00000260429f9210 code [0x00000260429f93c0, 0x00000260429f96d8]
Event: 0.271 Thread 0x000002605e04f880  566       3       java.io.File::hashCode (8 bytes)
Event: 0.271 Thread 0x000002605e04f880 nmethod 566 0x00000260429f9790 code [0x00000260429f9980, 0x00000260429f9d68]
Event: 0.271 Thread 0x000002605e04f880  567       3       java.io.WinNTFileSystem::hashCode (18 bytes)
Event: 0.271 Thread 0x000002605e04f880 nmethod 567 0x00000260429f9f10 code [0x00000260429fa100, 0x00000260429fa488]
Event: 0.271 Thread 0x000002605e04f880  564       3       java.nio.file.attribute.FileTime::toMillis (98 bytes)
Event: 0.272 Thread 0x000002605e04edd0  568       4       java.util.Arrays::copyOfRange (64 bytes)
Event: 0.272 Thread 0x000002605e04f880 nmethod 564 0x00000260429fa610 code [0x00000260429fa800, 0x00000260429facc8]
Event: 0.273 Thread 0x000002605e04edd0 nmethod 568 0x000002604a40ed10 code [0x000002604a40eea0, 0x000002604a40f198]
Event: 0.274 Thread 0x000002605e04f880  569       3       java.lang.String::checkIndex (48 bytes)
Event: 0.275 Thread 0x000002605e04f880 nmethod 569 0x00000260429fae90 code [0x00000260429fb0e0, 0x00000260429fb858]
Event: 0.275 Thread 0x000002605e04f880  572       3       java.lang.CharacterDataLatin1::isJavaIdentifierPart (20 bytes)
Event: 0.275 Thread 0x000002605e04edd0  574       4       java.lang.AbstractStringBuilder::append (45 bytes)
Event: 0.275 Thread 0x000002605e04f880 nmethod 572 0x00000260429fbb90 code [0x00000260429fbd40, 0x00000260429fbf58]

GC Heap History (0 events):
No events

Deoptimization events (20 events):
Event: 0.146 Thread 0x000002603b06c850 Uncommon trap: trap_request=0xffffff45 fr.pc=0x000002604a3e8f28 relative=0x00000000000001a8
Event: 0.146 Thread 0x000002603b06c850 Uncommon trap: reason=unstable_if action=reinterpret pc=0x000002604a3e8f28 method=java.lang.String.hashCode()I @ 20 c2
Event: 0.146 Thread 0x000002603b06c850 DEOPT PACKING pc=0x000002604a3e8f28 sp=0x000000ee22bfa780
Event: 0.146 Thread 0x000002603b06c850 DEOPT UNPACKING pc=0x0000026049e923a3 sp=0x000000ee22bfa718 mode 2
Event: 0.146 Thread 0x000002603b06c850 Uncommon trap: trap_request=0xffffff45 fr.pc=0x000002604a3e6c88 relative=0x0000000000000268
Event: 0.146 Thread 0x000002603b06c850 Uncommon trap: reason=unstable_if action=reinterpret pc=0x000002604a3e6c88 method=java.util.zip.ZipCoder$UTF8ZipCoder.checkedHash([BII)I @ 27 c2
Event: 0.146 Thread 0x000002603b06c850 DEOPT PACKING pc=0x000002604a3e6c88 sp=0x000000ee22bfa870
Event: 0.146 Thread 0x000002603b06c850 DEOPT UNPACKING pc=0x0000026049e923a3 sp=0x000000ee22bfa808 mode 2
Event: 0.147 Thread 0x000002603b06c850 Uncommon trap: trap_request=0xffffff45 fr.pc=0x000002604a3e6354 relative=0x00000000000002b4
Event: 0.147 Thread 0x000002603b06c850 Uncommon trap: reason=unstable_if action=reinterpret pc=0x000002604a3e6354 method=java.util.zip.ZipCoder$UTF8ZipCoder.checkedHash([BII)I @ 27 c2
Event: 0.147 Thread 0x000002603b06c850 DEOPT PACKING pc=0x000002604a3e6354 sp=0x000000ee22bfa850
Event: 0.147 Thread 0x000002603b06c850 DEOPT UNPACKING pc=0x0000026049e923a3 sp=0x000000ee22bfa808 mode 2
Event: 0.229 Thread 0x000002603b06c850 Uncommon trap: trap_request=0xffffff45 fr.pc=0x000002604a405518 relative=0x0000000000000278
Event: 0.229 Thread 0x000002603b06c850 Uncommon trap: reason=unstable_if action=reinterpret pc=0x000002604a405518 method=jdk.internal.loader.URLClassPath.getLoader(I)Ljdk/internal/loader/URLClassPath$Loader; @ 19 c2
Event: 0.229 Thread 0x000002603b06c850 DEOPT PACKING pc=0x000002604a405518 sp=0x000000ee22bff210
Event: 0.229 Thread 0x000002603b06c850 DEOPT UNPACKING pc=0x0000026049e923a3 sp=0x000000ee22bff1a8 mode 2
Event: 0.273 Thread 0x000002603b06c850 Uncommon trap: trap_request=0xffffff45 fr.pc=0x000002604a3ec1e4 relative=0x0000000000000064
Event: 0.273 Thread 0x000002603b06c850 Uncommon trap: reason=unstable_if action=reinterpret pc=0x000002604a3ec1e4 method=java.io.WinNTFileSystem.isSlash(C)Z @ 9 c2
Event: 0.273 Thread 0x000002603b06c850 DEOPT PACKING pc=0x000002604a3ec1e4 sp=0x000000ee22bfedf0
Event: 0.273 Thread 0x000002603b06c850 DEOPT UNPACKING pc=0x0000026049e923a3 sp=0x000000ee22bfed78 mode 2

Classes unloaded (0 events):
No events

Classes redefined (0 events):
No events

Internal exceptions (0 events):
No events

VM Operations (10 events):
Event: 0.109 Executing VM operation: HandshakeAllThreads
Event: 0.109 Executing VM operation: HandshakeAllThreads done
Event: 0.170 Executing VM operation: HandshakeAllThreads
Event: 0.170 Executing VM operation: HandshakeAllThreads done
Event: 0.217 Executing VM operation: HandshakeAllThreads
Event: 0.217 Executing VM operation: HandshakeAllThreads done
Event: 0.232 Executing VM operation: HandshakeAllThreads
Event: 0.232 Executing VM operation: HandshakeAllThreads done
Event: 0.273 Executing VM operation: HandshakeAllThreads
Event: 0.273 Executing VM operation: HandshakeAllThreads done

Events (20 events):
Event: 0.272 loading class sun/net/www/protocol/jar/JarFileFactory
Event: 0.272 loading class sun/net/www/protocol/jar/URLJarFile$URLJarFileCloseController
Event: 0.272 loading class sun/net/www/protocol/jar/URLJarFile$URLJarFileCloseController done
Event: 0.272 loading class sun/net/www/protocol/jar/JarFileFactory done
Event: 0.272 loading class sun/net/www/protocol/file/FileURLConnection
Event: 0.273 loading class sun/net/www/URLConnection
Event: 0.273 loading class sun/net/www/URLConnection done
Event: 0.273 loading class sun/net/www/protocol/file/FileURLConnection done
Event: 0.273 loading class sun/net/www/MessageHeader
Event: 0.273 loading class sun/net/www/MessageHeader done
Event: 0.273 loading class sun/net/www/protocol/jar/URLJarFile
Event: 0.273 loading class sun/net/www/protocol/jar/URLJarFile done
Event: 0.274 loading class sun/net/www/protocol/jar/URLJarFile$URLJarFileEntry
Event: 0.274 loading class sun/net/www/protocol/jar/URLJarFile$URLJarFileEntry done
Event: 0.274 loading class sun/net/www/protocol/jar/JarURLConnection$JarURLInputStream
Event: 0.274 loading class sun/net/www/protocol/jar/JarURLConnection$JarURLInputStream done
Event: 0.274 loading class java/io/BufferedReader
Event: 0.274 loading class java/io/BufferedReader done
Event: 0.274 loading class sun/nio/cs/StreamDecoder
Event: 0.274 loading class sun/nio/cs/StreamDecoder done


Dynamic libraries:
0x00007ff6baa90000 - 0x00007ff6baaa0000 	C:\Program Files\Java\jdk-17\bin\javaw.exe
0x00007fff786b0000 - 0x00007fff788c7000 	C:\windows\SYSTEM32\ntdll.dll
0x00007fff76980000 - 0x00007fff76a44000 	C:\windows\System32\KERNEL32.DLL
0x00007fff75c60000 - 0x00007fff76019000 	C:\windows\System32\KERNELBASE.dll
0x00007fff75b40000 - 0x00007fff75c51000 	C:\windows\System32\ucrtbase.dll
0x00007fff5cd40000 - 0x00007fff5cd5b000 	C:\Program Files\Java\jdk-17\bin\VCRUNTIME140.dll
0x00007fff5ac90000 - 0x00007fff5aca9000 	C:\Program Files\Java\jdk-17\bin\jli.dll
0x00007fff76f00000 - 0x00007fff76fb2000 	C:\windows\System32\ADVAPI32.dll
0x00007fff76560000 - 0x00007fff76607000 	C:\windows\System32\msvcrt.dll
0x00007fff770c0000 - 0x00007fff77167000 	C:\windows\System32\sechost.dll
0x00007fff75b10000 - 0x00007fff75b38000 	C:\windows\System32\bcrypt.dll
0x00007fff77d90000 - 0x00007fff77ea4000 	C:\windows\System32\RPCRT4.dll
0x00007fff77ba0000 - 0x00007fff77d4e000 	C:\windows\System32\USER32.dll
0x00007fff76200000 - 0x00007fff76226000 	C:\windows\System32\win32u.dll
0x00007fff4a7d0000 - 0x00007fff4aa62000 	C:\windows\WinSxS\amd64_microsoft.windows.common-controls_6595b64144ccf1df_6.0.22621.4391_none_2715d37f73803e96\COMCTL32.dll
0x00007fff77d60000 - 0x00007fff77d89000 	C:\windows\System32\GDI32.dll
0x00007fff762b0000 - 0x00007fff763cb000 	C:\windows\System32\gdi32full.dll
0x00007fff75a70000 - 0x00007fff75b0a000 	C:\windows\System32\msvcp_win.dll
0x00007fff6a110000 - 0x00007fff6a11a000 	C:\windows\SYSTEM32\VERSION.dll
0x00007fff76520000 - 0x00007fff76551000 	C:\windows\System32\IMM32.DLL
0x00007fff5cd10000 - 0x00007fff5cd1c000 	C:\Program Files\Java\jdk-17\bin\vcruntime140_1.dll
0x00007fff43190000 - 0x00007fff4321e000 	C:\Program Files\Java\jdk-17\bin\msvcp140.dll
0x00007fff146b0000 - 0x00007fff15290000 	C:\Program Files\Java\jdk-17\bin\server\jvm.dll
0x00007fff4d670000 - 0x00007fff4d679000 	C:\windows\SYSTEM32\WSOCK32.dll
0x00007fff70880000 - 0x00007fff708b4000 	C:\windows\SYSTEM32\WINMM.dll
0x00007fff76790000 - 0x00007fff76798000 	C:\windows\System32\PSAPI.DLL
0x00007fff76710000 - 0x00007fff76781000 	C:\windows\System32\WS2_32.dll
0x00007fff74990000 - 0x00007fff749a8000 	C:\windows\SYSTEM32\kernel.appcore.dll
0x00007fff5ccd0000 - 0x00007fff5ccda000 	C:\Program Files\Java\jdk-17\bin\jimage.dll
0x00007fff732f0000 - 0x00007fff73522000 	C:\windows\SYSTEM32\DBGHELP.DLL
0x00007fff77eb0000 - 0x00007fff7823f000 	C:\windows\System32\combase.dll
0x00007fff763d0000 - 0x00007fff764a7000 	C:\windows\System32\OLEAUT32.dll
0x00007fff5e870000 - 0x00007fff5e8a2000 	C:\windows\SYSTEM32\dbgcore.DLL
0x00007fff76230000 - 0x00007fff762ab000 	C:\windows\System32\bcryptPrimitives.dll
0x00007fff5a560000 - 0x00007fff5a585000 	C:\Program Files\Java\jdk-17\bin\java.dll
0x00007fff3ec60000 - 0x00007fff3ed37000 	C:\Program Files\Java\jdk-17\bin\jsvml.dll
0x00007fff77170000 - 0x00007fff779e6000 	C:\windows\System32\SHELL32.dll
0x00007fff738a0000 - 0x00007fff741a3000 	C:\windows\SYSTEM32\windows.storage.dll
0x00007fff73760000 - 0x00007fff7389f000 	C:\windows\SYSTEM32\wintypes.dll
0x00007fff76610000 - 0x00007fff76709000 	C:\windows\System32\SHCORE.dll
0x00007fff764c0000 - 0x00007fff7651e000 	C:\windows\System32\shlwapi.dll
0x00007fff758e0000 - 0x00007fff7590b000 	C:\windows\SYSTEM32\profapi.dll
0x00007fff5ac60000 - 0x00007fff5ac79000 	C:\Program Files\Java\jdk-17\bin\net.dll
0x00007fff71ef0000 - 0x00007fff72026000 	C:\windows\SYSTEM32\WINHTTP.dll
0x00007fff74e70000 - 0x00007fff74ed9000 	C:\windows\system32\mswsock.dll
0x00007fff56770000 - 0x00007fff56786000 	C:\Program Files\Java\jdk-17\bin\nio.dll
0x00007fff53d90000 - 0x00007fff53da8000 	C:\Program Files\Java\jdk-17\bin\zip.dll
0x00007fff5aef0000 - 0x00007fff5af00000 	C:\Program Files\Java\jdk-17\bin\verify.dll

dbghelp: loaded successfully - version: 4.0.5 - missing functions: none
symbol engine: initialized successfully - sym options: 0x614 - pdb path: (cannot be retrieved)

VM Arguments:
jvm_args: -ea -Dfile.encoding=UTF-8 -Dstdout.encoding=UTF-8 -Dstderr.encoding=UTF-8 -XX:+ShowCodeDetailsInExceptionMessages 
java_command: org.testng.remote.RemoteTestNG -serport 50979 -protocol json -d D:\BDD_Workspace\BDDFramework\test-output C:\Users\RAGINI~1\AppData\Local\Temp\testng-eclipse-663404786\testng-customsuite.xml
java_class_path (initial): D:\Software\eclipse-java-2024-03-R-win32-x86_64\eclipse\configuration\org.eclipse.osgi\585\0\.cp\lib\testng-remote.jar;D:\BDD_Workspace\BDDFramework\target\test-classes;D:\BDD_Workspace\BDDFramework\target\classes;D:\Software\selenium-java-4.26.0\selenium-manager-4.26.0.jar;D:\Software\selenium-java-4.26.0\selenium-manager-4.26.0-sources.jar;D:\Software\selenium-java-4.26.0\auto-service-annotations-1.1.1.jar;D:\Software\selenium-java-4.26.0\auto-service-annotations-1.1.1-sources.jar;D:\Software\selenium-java-4.26.0\byte-buddy-1.15.7.jar;D:\Software\selenium-java-4.26.0\byte-buddy-1.15.7-sources.jar;D:\Software\selenium-java-4.26.0\checker-qual-3.43.0.jar;D:\Software\selenium-java-4.26.0\checker-qual-3.43.0-sources.jar;D:\Software\selenium-java-4.26.0\commons-exec-1.4.0.jar;D:\Software\selenium-java-4.26.0\commons-exec-1.4.0-sources.jar;D:\Software\selenium-java-4.26.0\error_prone_annotations-2.28.0.jar;D:\Software\selenium-java-4.26.0\error_prone_annotations-2.28.0-sources.jar;D:\Software\selenium-java-4.26.0\failsafe-3.3.2.jar;D:\Software\selenium-java-4.26.0\failsafe-3.3.2-sources.jar;D:\Software\selenium-java-4.26.0\failureaccess-1.0.2.jar;D:\Software\selenium-java-4.26.0\failureaccess-1.0.2-sources.jar;D:\Software\selenium-java-4.26.0\guava-33.3.1-jre.jar;D:\Software\selenium-java-4.26.0\guava-33.3.1-jre-sources.jar;D:\Software\selenium-java-4.26.0\j2objc-annotations-3.0.0.jar;D:\Software\selenium-java-4.26.0\j2objc-annotations-3.0.0-sources.jar;D:\Software\selenium-java-4.26.0\jspecify-1.0.0.jar;D:\Software\selenium-java-4.26.0\jspecify-1.0.0-sources.jar;D:\Software\selenium-java-4.26.0\jsr305-3.0.2.jar;D:\Software\selenium-java-4.26.0\jsr305-3.0.2-sources.jar;D:\Software\selenium-java-4.26.0\listenablefuture-9999.0-empty-to-avoid-conflict-with-guava.jar;D:\Software\selenium-java-4.26.0\opentelemetry-api-1.43.0.jar;D:\Software\selenium-java-4.26.0\opentelemetry-api-1.43.0-sources.jar;D:\Software\selenium-java-4.26.0\opentelemetry-ap
Launcher Type: SUN_STANDARD

[Global flags]
     intx CICompilerCount                          = 4                                         {product} {ergonomic}
     uint ConcGCThreads                            = 3                                         {product} {ergonomic}
     uint G1ConcRefinementThreads                  = 10                                        {product} {ergonomic}
   size_t G1HeapRegionSize                         = 2097152                                   {product} {ergonomic}
    uintx GCDrainStackTargetSize                   = 64                                        {product} {ergonomic}
   size_t InitialHeapSize                          = 264241152                                 {product} {ergonomic}
   size_t MarkStackSize                            = 4194304                                   {product} {ergonomic}
   size_t MaxHeapSize                              = 4208984064                                {product} {ergonomic}
   size_t MaxNewSize                               = 2524971008                                {product} {ergonomic}
   size_t MinHeapDeltaBytes                        = 2097152                                   {product} {ergonomic}
   size_t MinHeapSize                              = 8388608                                   {product} {ergonomic}
    uintx NonNMethodCodeHeapSize                   = 5839372                                {pd product} {ergonomic}
    uintx NonProfiledCodeHeapSize                  = 122909434                              {pd product} {ergonomic}
    uintx ProfiledCodeHeapSize                     = 122909434                              {pd product} {ergonomic}
    uintx ReservedCodeCacheSize                    = 251658240                              {pd product} {ergonomic}
     bool SegmentedCodeCache                       = true                                      {product} {ergonomic}
     bool ShowCodeDetailsInExceptionMessages       = true                                   {manageable} {command line}
   size_t SoftMaxHeapSize                          = 4208984064                             {manageable} {ergonomic}
     bool UseCompressedClassPointers               = true                           {product lp64_product} {ergonomic}
     bool UseCompressedOops                        = true                           {product lp64_product} {ergonomic}
     bool UseG1GC                                  = true                                      {product} {ergonomic}
     bool UseLargePagesIndividualAllocation        = false                                  {pd product} {ergonomic}

Logging:
Log output configuration:
 #0: stdout all=warning uptime,level,tags
 #1: stderr all=off uptime,level,tags

Environment Variables:
JAVA_HOME=C:\Program Files\Java\jdk-17
PATH=D:/Software/eclipse-java-2024-03-R-win32-x86_64/eclipse//plugins/org.eclipse.justj.openjdk.hotspot.jre.full.win32.x86_64_17.0.10.v20240120-1143/jre/bin/server;D:/Software/eclipse-java-2024-03-R-win32-x86_64/eclipse//plugins/org.eclipse.justj.openjdk.hotspot.jre.full.win32.x86_64_17.0.10.v20240120-1143/jre/bin;C:\Program Files\Common Files\Oracle\Java\javapath;C:\Program Files (x86)\Common Files\Oracle\Java\javapath;C:\windows\system32;C:\windows;C:\windows\System32\Wbem;C:\windows\System32\WindowsPowerShell\v1.0\;C:\windows\System32\OpenSSH\;C:\Program Files\nodejs\;D:\Software\apache-maven-3.9.6-bin\apache-maven-3.9.6\bin;C:\Program Files\Git\cmd;C:\Users\Ragini soneri\AppData\Local\Programs\Microsoft VS Code\bin;C:\Program Files\Java\jdk-17\bin;C:\Program Files\JetBrains\IntelliJ IDEA 2024.3\bin;;;D:\Software\eclipse-java-2024-03-R-win32-x86_64\eclipse;
USERNAME=Ragini soneri
OS=Windows_NT
PROCESSOR_IDENTIFIER=Intel64 Family 6 Model 154 Stepping 4, GenuineIntel



---------------  S Y S T E M  ---------------

OS:
 Windows 11 , 64 bit Build 22621 (10.0.22621.4391)
OS uptime: 5 days 18:05 hours
Hyper-V role detected

CPU: total 12 (initial active 12) (6 cores per cpu, 2 threads per core) family 6 model 154 stepping 4 microcode 0x42c, cx8, cmov, fxsr, ht, mmx, 3dnowpref, sse, sse2, sse3, ssse3, sse4.1, sse4.2, popcnt, lzcnt, tsc, tscinvbit, avx, avx2, aes, erms, clmul, bmi1, bmi2, adx, sha, fma, vzeroupper, clflush, clflushopt, clwb, hv

Memory: 4k page, system-wide physical 16052M (486M free)
TotalPageFile size 30742M (AvailPageFile size 5M)
current process WorkingSet (physical memory assigned to process): 63M, peak: 63M
current process commit charge ("private bytes"): 359M, peak: 359M

vm_info: Java HotSpot(TM) 64-Bit Server VM (17.0.12+8-LTS-286) for windows-amd64 JRE (17.0.12+8-LTS-286), built on Jun  5 2024 06:46:59 by "mach5one" with MS VC++ 17.6 (VS2022)

END.
